<?xml version="1.0" encoding="UTF-8"?>
<robot generator="Robot 3.2.2 (Python 3.9.2 on win32)" generated="20210407 16:50:00.952" rpa="false">
<suite id="s1" name="AddUser TC &amp; Delete TC &amp; Login TC">
<suite id="s1-s1" name="AddUser TC" source="E:\PythonProject\RobertFrameworkDemo\Portal\TestScripts\AddUser_TC.robot">
<test id="s1-s1-t1" name="Adding User">
<kw name="Flags">
<arguments>
<arg>https://opensource-demo.orangehrmlive.com/</arg>
<arg>ff</arg>
<arg>Aaliyah Haq</arg>
<arg>bharathi1213</arg>
<arg>Yes</arg>
<arg>Admin</arg>
<arg>admin123</arg>
</arguments>
<kw name="Run Keyword If" library="BuiltIn">
<doc>Runs the given keyword with the given arguments, if ``condition`` is true.</doc>
<arguments>
<arg>'${Status}'=='Yes'</arg>
<arg>orangehrm</arg>
<arg>${empName}</arg>
<arg>${username}</arg>
<arg>${PassWord}</arg>
<arg>${url}</arg>
<arg>${Browser}</arg>
<arg>${LoginID}</arg>
<arg>${LoginPassword}</arg>
<arg>ELSE IF</arg>
<arg>'${Status}'=='No'</arg>
<arg>Negative</arg>
</arguments>
<assign>
<var>${Login}</var>
</assign>
<kw name="orangehrm">
<arguments>
<arg>${empName}</arg>
<arg>${username}</arg>
<arg>${PassWord}</arg>
<arg>${url}</arg>
<arg>${Browser}</arg>
<arg>${LoginID}</arg>
<arg>${LoginPassword}</arg>
</arguments>
<kw name="Browser" library="AddUser">
<arguments>
<arg>${url}</arg>
<arg>${Browser}</arg>
</arguments>
<kw name="Open Browser" library="SeleniumLibrary">
<doc>Opens a new browser instance to the optional ``url``.</doc>
<arguments>
<arg>${url}</arg>
<arg>${Browser}</arg>
</arguments>
<msg timestamp="20210407 16:50:09.248" level="INFO">Opening browser 'ff' to base url 'https://opensource-demo.orangehrmlive.com/'.</msg>
<msg timestamp="20210407 16:50:09.264" level="INFO">Firefox driver log is always forced to to: E:\PythonProject\RobertFrameworkDemo\geckodriver-2.log</msg>
<status status="PASS" starttime="20210407 16:50:09.248" endtime="20210407 16:50:30.135"></status>
</kw>
<kw name="Maximize Browser Window" library="SeleniumLibrary">
<doc>Maximizes current browser window.</doc>
<status status="PASS" starttime="20210407 16:50:30.137" endtime="20210407 16:50:30.149"></status>
</kw>
<status status="PASS" starttime="20210407 16:50:09.248" endtime="20210407 16:50:30.150"></status>
</kw>
<kw name="username" library="AddUser">
<arguments>
<arg>${LoginID}</arg>
</arguments>
<kw name="Input Text" library="SeleniumLibrary">
<doc>Types the given ``text`` into the text field identified by ``locator``.</doc>
<arguments>
<arg>${UserId}</arg>
<arg>${LoginID}</arg>
</arguments>
<msg timestamp="20210407 16:50:30.152" level="INFO">Typing text 'Admin' into text field 'id:txtUsername'.</msg>
<status status="PASS" starttime="20210407 16:50:30.151" endtime="20210407 16:50:30.361"></status>
</kw>
<status status="PASS" starttime="20210407 16:50:30.150" endtime="20210407 16:50:30.416"></status>
</kw>
<kw name="password" library="AddUser">
<arguments>
<arg>${LoginPassword}</arg>
</arguments>
<kw name="Input Text" library="SeleniumLibrary">
<doc>Types the given ``text`` into the text field identified by ``locator``.</doc>
<arguments>
<arg>${PwdId}</arg>
<arg>${LoginPassword}</arg>
</arguments>
<msg timestamp="20210407 16:50:30.420" level="INFO">Typing text 'admin123' into text field 'id:txtPassword'.</msg>
<status status="PASS" starttime="20210407 16:50:30.419" endtime="20210407 16:50:30.452"></status>
</kw>
<status status="PASS" starttime="20210407 16:50:30.417" endtime="20210407 16:50:30.454"></status>
</kw>
<kw name="login button" library="AddUser">
<kw name="Click Button" library="SeleniumLibrary">
<doc>Clicks the button identified by ``locator``.</doc>
<arguments>
<arg>${LoginBtn}</arg>
</arguments>
<msg timestamp="20210407 16:50:30.457" level="INFO">Clicking button 'id:btnLogin'.</msg>
<status status="PASS" starttime="20210407 16:50:30.456" endtime="20210407 16:50:34.397"></status>
</kw>
<kw name="Sleep" library="BuiltIn">
<doc>Pauses the test executed for the given time.</doc>
<arguments>
<arg>2s</arg>
</arguments>
<msg timestamp="20210407 16:50:36.402" level="INFO">Slept 2 seconds</msg>
<status status="PASS" starttime="20210407 16:50:34.399" endtime="20210407 16:50:36.402"></status>
</kw>
<status status="PASS" starttime="20210407 16:50:30.455" endtime="20210407 16:50:36.404"></status>
</kw>
<kw name="SelectAdmin" library="AddUser">
<kw name="Click Element" library="SeleniumLibrary">
<doc>Click the element identified by ``locator``.</doc>
<arguments>
<arg>${Admin}</arg>
</arguments>
<msg timestamp="20210407 16:50:36.407" level="INFO">Clicking element 'xpath://b[text()='Admin']'.</msg>
<status status="PASS" starttime="20210407 16:50:36.406" endtime="20210407 16:50:37.951"></status>
</kw>
<kw name="Click Button" library="SeleniumLibrary">
<doc>Clicks the button identified by ``locator``.</doc>
<arguments>
<arg>${Add}</arg>
</arguments>
<msg timestamp="20210407 16:50:37.982" level="INFO">Clicking button 'id:btnAdd'.</msg>
<status status="PASS" starttime="20210407 16:50:37.967" endtime="20210407 16:50:38.885"></status>
</kw>
<status status="PASS" starttime="20210407 16:50:36.405" endtime="20210407 16:50:38.885"></status>
</kw>
<kw name="AddingDetailes" library="AddUser">
<kw name="Select From List By Label" library="SeleniumLibrary">
<doc>Selects options from selection list ``locator`` by ``labels``.</doc>
<arguments>
<arg>systemUser[userType]</arg>
<arg>ESS</arg>
</arguments>
<msg timestamp="20210407 16:50:38.885" level="INFO">Selecting options from selection list 'systemUser[userType]' by label ESS.</msg>
<status status="PASS" starttime="20210407 16:50:38.885" endtime="20210407 16:50:39.001"></status>
</kw>
<status status="PASS" starttime="20210407 16:50:38.885" endtime="20210407 16:50:39.001"></status>
</kw>
<kw name="AdminName" library="AddUser">
<arguments>
<arg>${empName}</arg>
</arguments>
<kw name="Input Text" library="SeleniumLibrary">
<doc>Types the given ``text`` into the text field identified by ``locator``.</doc>
<arguments>
<arg>${Text1}</arg>
<arg>${empName}</arg>
</arguments>
<msg timestamp="20210407 16:50:39.001" level="INFO">Typing text 'Aaliyah Haq' into text field 'xpath://input[@id='systemUser_employeeName_empName']'.</msg>
<status status="PASS" starttime="20210407 16:50:39.001" endtime="20210407 16:50:39.117"></status>
</kw>
<status status="PASS" starttime="20210407 16:50:39.001" endtime="20210407 16:50:39.117"></status>
</kw>
<kw name="EmployeeName" library="AddUser">
<arguments>
<arg>${username}</arg>
</arguments>
<kw name="Input Text" library="SeleniumLibrary">
<doc>Types the given ``text`` into the text field identified by ``locator``.</doc>
<arguments>
<arg>${Text2}</arg>
<arg>${username}</arg>
</arguments>
<msg timestamp="20210407 16:50:39.132" level="INFO">Typing text '' into text field 'xpath://input[@id='systemUser_userName']'.</msg>
<status status="PASS" starttime="20210407 16:50:39.132" endtime="20210407 16:50:39.154"></status>
</kw>
<kw name="Select From List By Index" library="SeleniumLibrary">
<doc>Selects options from selection list ``locator`` by ``indexes``.</doc>
<arguments>
<arg>systemUser[status]</arg>
<arg>0</arg>
</arguments>
<msg timestamp="20210407 16:50:39.170" level="INFO">Selecting options from selection list 'systemUser[status]' by index 0.</msg>
<status status="PASS" starttime="20210407 16:50:39.170" endtime="20210407 16:50:39.217"></status>
</kw>
<status status="PASS" starttime="20210407 16:50:39.117" endtime="20210407 16:50:39.217"></status>
</kw>
<kw name="Password Field" library="AddUser">
<arguments>
<arg>${PassWord}</arg>
</arguments>
<kw name="Input Text" library="SeleniumLibrary">
<doc>Types the given ``text`` into the text field identified by ``locator``.</doc>
<arguments>
<arg>${password1}</arg>
<arg>${PassWord}</arg>
</arguments>
<msg timestamp="20210407 16:50:39.217" level="INFO">Typing text 'bharathi1213' into text field 'xpath://input[@id='systemUser_password']'.</msg>
<status status="PASS" starttime="20210407 16:50:39.217" endtime="20210407 16:50:39.317"></status>
</kw>
<status status="PASS" starttime="20210407 16:50:39.217" endtime="20210407 16:50:39.317"></status>
</kw>
<kw name="Confirm Password Field" library="AddUser">
<arguments>
<arg>${PassWord}</arg>
</arguments>
<kw name="Input Text" library="SeleniumLibrary">
<doc>Types the given ``text`` into the text field identified by ``locator``.</doc>
<arguments>
<arg>${cpassword1}</arg>
<arg>${PassWord}</arg>
</arguments>
<msg timestamp="20210407 16:50:39.317" level="INFO">Typing text 'bharathi1213' into text field 'xpath://input[@id='systemUser_confirmPassword']'.</msg>
<status status="PASS" starttime="20210407 16:50:39.317" endtime="20210407 16:50:39.371"></status>
</kw>
<status status="PASS" starttime="20210407 16:50:39.317" endtime="20210407 16:50:39.371"></status>
</kw>
<kw name="SaveOption" library="AddUser">
<kw name="Click Button" library="SeleniumLibrary">
<doc>Clicks the button identified by ``locator``.</doc>
<arguments>
<arg>${Save}</arg>
</arguments>
<msg timestamp="20210407 16:50:39.371" level="INFO">Clicking button 'xpath://*[@id='btnSave']'.</msg>
<status status="PASS" starttime="20210407 16:50:39.371" endtime="20210407 16:50:39.656"></status>
</kw>
<kw name="Capture Page Screenshot" library="SeleniumLibrary">
<doc>Takes a screenshot of the current page and embeds it into a log file.</doc>
<msg timestamp="20210407 16:50:39.756" level="INFO" html="yes">&lt;/td&gt;&lt;/tr&gt;&lt;tr&gt;&lt;td colspan="3"&gt;&lt;a href="selenium-screenshot-36.png"&gt;&lt;img src="selenium-screenshot-36.png" width="800px"&gt;&lt;/a&gt;</msg>
<status status="PASS" starttime="20210407 16:50:39.656" endtime="20210407 16:50:39.756"></status>
</kw>
<status status="PASS" starttime="20210407 16:50:39.371" endtime="20210407 16:50:39.756"></status>
</kw>
<kw name="IfCondition" library="AddUser">
<kw name="Get Element Count" library="SeleniumLibrary">
<doc>Returns the number of elements matching ``locator``.</doc>
<arguments>
<arg>xpath://span[text()='Required']</arg>
</arguments>
<assign>
<var>${Required}</var>
</assign>
<msg timestamp="20210407 16:50:39.756" level="INFO">${Required} = 1</msg>
<status status="PASS" starttime="20210407 16:50:39.756" endtime="20210407 16:50:39.756"></status>
</kw>
<kw name="Run Keyword If" library="BuiltIn">
<doc>Runs the given keyword with the given arguments, if ``condition`` is true.</doc>
<arguments>
<arg>${Required} &gt; 0</arg>
<arg>Invalid</arg>
<arg>ELSE</arg>
<arg>ValidData</arg>
</arguments>
<kw name="Invalid" library="AddUser">
<kw name="Log To Console" library="BuiltIn">
<doc>Logs the given message to the console.</doc>
<arguments>
<arg>Invalid Data</arg>
</arguments>
<status status="PASS" starttime="20210407 16:50:39.772" endtime="20210407 16:50:39.772"></status>
</kw>
<kw name="Close Browser" library="SeleniumLibrary">
<doc>Closes the current browser.</doc>
<status status="PASS" starttime="20210407 16:50:39.772" endtime="20210407 16:50:42.048"></status>
</kw>
<status status="PASS" starttime="20210407 16:50:39.772" endtime="20210407 16:50:42.048"></status>
</kw>
<status status="PASS" starttime="20210407 16:50:39.772" endtime="20210407 16:50:42.048"></status>
</kw>
<status status="PASS" starttime="20210407 16:50:39.756" endtime="20210407 16:50:42.048"></status>
</kw>
<status status="PASS" starttime="20210407 16:50:09.248" endtime="20210407 16:50:42.048"></status>
</kw>
<msg timestamp="20210407 16:50:42.048" level="INFO">${Login} = None</msg>
<status status="PASS" starttime="20210407 16:50:09.248" endtime="20210407 16:50:42.048"></status>
</kw>
<status status="PASS" starttime="20210407 16:50:09.248" endtime="20210407 16:50:42.080"></status>
</kw>
<status status="PASS" starttime="20210407 16:50:09.248" endtime="20210407 16:50:42.080" critical="yes"></status>
</test>
<test id="s1-s1-t2" name="Adding User">
<kw name="Flags">
<arguments>
<arg>https://opensource-demo.orangehrmlive.com/</arg>
<arg>chrome</arg>
<arg>Aaliyah Haq</arg>
<arg>UnderTaker01</arg>
<arg>bharathi1213</arg>
<arg>Yes</arg>
<arg>Admin</arg>
<arg>admin123</arg>
</arguments>
<kw name="Run Keyword If" library="BuiltIn">
<doc>Runs the given keyword with the given arguments, if ``condition`` is true.</doc>
<arguments>
<arg>'${Status}'=='Yes'</arg>
<arg>orangehrm</arg>
<arg>${empName}</arg>
<arg>${username}</arg>
<arg>${PassWord}</arg>
<arg>${url}</arg>
<arg>${Browser}</arg>
<arg>${LoginID}</arg>
<arg>${LoginPassword}</arg>
<arg>ELSE IF</arg>
<arg>'${Status}'=='No'</arg>
<arg>Negative</arg>
</arguments>
<assign>
<var>${Login}</var>
</assign>
<kw name="orangehrm">
<arguments>
<arg>${empName}</arg>
<arg>${username}</arg>
<arg>${PassWord}</arg>
<arg>${url}</arg>
<arg>${Browser}</arg>
<arg>${LoginID}</arg>
<arg>${LoginPassword}</arg>
</arguments>
<kw name="Browser" library="AddUser">
<arguments>
<arg>${url}</arg>
<arg>${Browser}</arg>
</arguments>
<kw name="Open Browser" library="SeleniumLibrary">
<doc>Opens a new browser instance to the optional ``url``.</doc>
<arguments>
<arg>${url}</arg>
<arg>${Browser}</arg>
</arguments>
<msg timestamp="20210407 16:50:42.095" level="INFO">Opening browser 'chrome' to base url 'https://opensource-demo.orangehrmlive.com/'.</msg>
<status status="PASS" starttime="20210407 16:50:42.095" endtime="20210407 16:50:54.849"></status>
</kw>
<kw name="Maximize Browser Window" library="SeleniumLibrary">
<doc>Maximizes current browser window.</doc>
<status status="PASS" starttime="20210407 16:50:54.853" endtime="20210407 16:50:55.007"></status>
</kw>
<status status="PASS" starttime="20210407 16:50:42.095" endtime="20210407 16:50:55.007"></status>
</kw>
<kw name="username" library="AddUser">
<arguments>
<arg>${LoginID}</arg>
</arguments>
<kw name="Input Text" library="SeleniumLibrary">
<doc>Types the given ``text`` into the text field identified by ``locator``.</doc>
<arguments>
<arg>${UserId}</arg>
<arg>${LoginID}</arg>
</arguments>
<msg timestamp="20210407 16:50:55.007" level="INFO">Typing text 'Admin' into text field 'id:txtUsername'.</msg>
<status status="PASS" starttime="20210407 16:50:55.007" endtime="20210407 16:50:55.426"></status>
</kw>
<status status="PASS" starttime="20210407 16:50:55.007" endtime="20210407 16:50:55.429"></status>
</kw>
<kw name="password" library="AddUser">
<arguments>
<arg>${LoginPassword}</arg>
</arguments>
<kw name="Input Text" library="SeleniumLibrary">
<doc>Types the given ``text`` into the text field identified by ``locator``.</doc>
<arguments>
<arg>${PwdId}</arg>
<arg>${LoginPassword}</arg>
</arguments>
<msg timestamp="20210407 16:50:55.431" level="INFO">Typing text 'admin123' into text field 'id:txtPassword'.</msg>
<status status="PASS" starttime="20210407 16:50:55.430" endtime="20210407 16:50:55.564"></status>
</kw>
<status status="PASS" starttime="20210407 16:50:55.429" endtime="20210407 16:50:55.565"></status>
</kw>
<kw name="login button" library="AddUser">
<kw name="Click Button" library="SeleniumLibrary">
<doc>Clicks the button identified by ``locator``.</doc>
<arguments>
<arg>${LoginBtn}</arg>
</arguments>
<msg timestamp="20210407 16:50:55.568" level="INFO">Clicking button 'id:btnLogin'.</msg>
<status status="PASS" starttime="20210407 16:50:55.567" endtime="20210407 16:51:02.498"></status>
</kw>
<kw name="Sleep" library="BuiltIn">
<doc>Pauses the test executed for the given time.</doc>
<arguments>
<arg>2s</arg>
</arguments>
<msg timestamp="20210407 16:51:04.564" level="INFO">Slept 2 seconds</msg>
<status status="PASS" starttime="20210407 16:51:02.562" endtime="20210407 16:51:04.564"></status>
</kw>
<status status="PASS" starttime="20210407 16:50:55.566" endtime="20210407 16:51:04.565"></status>
</kw>
<kw name="SelectAdmin" library="AddUser">
<kw name="Click Element" library="SeleniumLibrary">
<doc>Click the element identified by ``locator``.</doc>
<arguments>
<arg>${Admin}</arg>
</arguments>
<msg timestamp="20210407 16:51:04.568" level="INFO">Clicking element 'xpath://b[text()='Admin']'.</msg>
<status status="PASS" starttime="20210407 16:51:04.567" endtime="20210407 16:51:06.816"></status>
</kw>
<kw name="Click Button" library="SeleniumLibrary">
<doc>Clicks the button identified by ``locator``.</doc>
<arguments>
<arg>${Add}</arg>
</arguments>
<msg timestamp="20210407 16:51:06.821" level="INFO">Clicking button 'id:btnAdd'.</msg>
<status status="PASS" starttime="20210407 16:51:06.819" endtime="20210407 16:51:08.133"></status>
</kw>
<status status="PASS" starttime="20210407 16:51:04.566" endtime="20210407 16:51:08.136"></status>
</kw>
<kw name="AddingDetailes" library="AddUser">
<kw name="Select From List By Label" library="SeleniumLibrary">
<doc>Selects options from selection list ``locator`` by ``labels``.</doc>
<arguments>
<arg>systemUser[userType]</arg>
<arg>ESS</arg>
</arguments>
<msg timestamp="20210407 16:51:08.140" level="INFO">Selecting options from selection list 'systemUser[userType]' by label ESS.</msg>
<status status="PASS" starttime="20210407 16:51:08.139" endtime="20210407 16:51:08.376"></status>
</kw>
<status status="PASS" starttime="20210407 16:51:08.137" endtime="20210407 16:51:08.403"></status>
</kw>
<kw name="AdminName" library="AddUser">
<arguments>
<arg>${empName}</arg>
</arguments>
<kw name="Input Text" library="SeleniumLibrary">
<doc>Types the given ``text`` into the text field identified by ``locator``.</doc>
<arguments>
<arg>${Text1}</arg>
<arg>${empName}</arg>
</arguments>
<msg timestamp="20210407 16:51:08.406" level="INFO">Typing text 'Aaliyah Haq' into text field 'xpath://input[@id='systemUser_employeeName_empName']'.</msg>
<status status="PASS" starttime="20210407 16:51:08.405" endtime="20210407 16:51:08.695"></status>
</kw>
<status status="PASS" starttime="20210407 16:51:08.404" endtime="20210407 16:51:08.696"></status>
</kw>
<kw name="EmployeeName" library="AddUser">
<arguments>
<arg>${username}</arg>
</arguments>
<kw name="Input Text" library="SeleniumLibrary">
<doc>Types the given ``text`` into the text field identified by ``locator``.</doc>
<arguments>
<arg>${Text2}</arg>
<arg>${username}</arg>
</arguments>
<msg timestamp="20210407 16:51:08.699" level="INFO">Typing text 'UnderTaker01' into text field 'xpath://input[@id='systemUser_userName']'.</msg>
<status status="PASS" starttime="20210407 16:51:08.698" endtime="20210407 16:51:09.170"></status>
</kw>
<kw name="Select From List By Index" library="SeleniumLibrary">
<doc>Selects options from selection list ``locator`` by ``indexes``.</doc>
<arguments>
<arg>systemUser[status]</arg>
<arg>0</arg>
</arguments>
<msg timestamp="20210407 16:51:09.173" level="INFO">Selecting options from selection list 'systemUser[status]' by index 0.</msg>
<status status="PASS" starttime="20210407 16:51:09.172" endtime="20210407 16:51:09.253"></status>
</kw>
<status status="PASS" starttime="20210407 16:51:08.697" endtime="20210407 16:51:09.255"></status>
</kw>
<kw name="Password Field" library="AddUser">
<arguments>
<arg>${PassWord}</arg>
</arguments>
<kw name="Input Text" library="SeleniumLibrary">
<doc>Types the given ``text`` into the text field identified by ``locator``.</doc>
<arguments>
<arg>${password1}</arg>
<arg>${PassWord}</arg>
</arguments>
<msg timestamp="20210407 16:51:09.257" level="INFO">Typing text 'bharathi1213' into text field 'xpath://input[@id='systemUser_password']'.</msg>
<status status="PASS" starttime="20210407 16:51:09.257" endtime="20210407 16:51:09.481"></status>
</kw>
<status status="PASS" starttime="20210407 16:51:09.256" endtime="20210407 16:51:09.504"></status>
</kw>
<kw name="Confirm Password Field" library="AddUser">
<arguments>
<arg>${PassWord}</arg>
</arguments>
<kw name="Input Text" library="SeleniumLibrary">
<doc>Types the given ``text`` into the text field identified by ``locator``.</doc>
<arguments>
<arg>${cpassword1}</arg>
<arg>${PassWord}</arg>
</arguments>
<msg timestamp="20210407 16:51:09.506" level="INFO">Typing text 'bharathi1213' into text field 'xpath://input[@id='systemUser_confirmPassword']'.</msg>
<status status="PASS" starttime="20210407 16:51:09.505" endtime="20210407 16:51:09.717"></status>
</kw>
<status status="PASS" starttime="20210407 16:51:09.504" endtime="20210407 16:51:09.719"></status>
</kw>
<kw name="SaveOption" library="AddUser">
<kw name="Click Button" library="SeleniumLibrary">
<doc>Clicks the button identified by ``locator``.</doc>
<arguments>
<arg>${Save}</arg>
</arguments>
<msg timestamp="20210407 16:51:09.721" level="INFO">Clicking button 'xpath://*[@id='btnSave']'.</msg>
<status status="PASS" starttime="20210407 16:51:09.720" endtime="20210407 16:51:09.856"></status>
</kw>
<kw name="Capture Page Screenshot" library="SeleniumLibrary">
<doc>Takes a screenshot of the current page and embeds it into a log file.</doc>
<msg timestamp="20210407 16:51:10.213" level="INFO" html="yes">&lt;/td&gt;&lt;/tr&gt;&lt;tr&gt;&lt;td colspan="3"&gt;&lt;a href="selenium-screenshot-37.png"&gt;&lt;img src="selenium-screenshot-37.png" width="800px"&gt;&lt;/a&gt;</msg>
<status status="PASS" starttime="20210407 16:51:09.858" endtime="20210407 16:51:10.214"></status>
</kw>
<status status="PASS" starttime="20210407 16:51:09.719" endtime="20210407 16:51:10.237"></status>
</kw>
<kw name="IfCondition" library="AddUser">
<kw name="Get Element Count" library="SeleniumLibrary">
<doc>Returns the number of elements matching ``locator``.</doc>
<arguments>
<arg>xpath://span[text()='Required']</arg>
</arguments>
<assign>
<var>${Required}</var>
</assign>
<msg timestamp="20210407 16:51:10.256" level="INFO">${Required} = 0</msg>
<status status="PASS" starttime="20210407 16:51:10.239" endtime="20210407 16:51:10.256"></status>
</kw>
<kw name="Run Keyword If" library="BuiltIn">
<doc>Runs the given keyword with the given arguments, if ``condition`` is true.</doc>
<arguments>
<arg>${Required} &gt; 0</arg>
<arg>Invalid</arg>
<arg>ELSE</arg>
<arg>ValidData</arg>
</arguments>
<kw name="ValidData" library="AddUser">
<kw name="Log To Console" library="BuiltIn">
<doc>Logs the given message to the console.</doc>
<arguments>
<arg>Succesfull</arg>
</arguments>
<status status="PASS" starttime="20210407 16:51:10.260" endtime="20210407 16:51:10.261"></status>
</kw>
<kw name="Sleep" library="BuiltIn">
<doc>Pauses the test executed for the given time.</doc>
<arguments>
<arg>2s</arg>
</arguments>
<msg timestamp="20210407 16:51:12.265" level="INFO">Slept 2 seconds</msg>
<status status="PASS" starttime="20210407 16:51:10.262" endtime="20210407 16:51:12.265"></status>
</kw>
<kw name="Close Browser" library="SeleniumLibrary">
<doc>Closes the current browser.</doc>
<status status="PASS" starttime="20210407 16:51:12.268" endtime="20210407 16:51:16.448"></status>
</kw>
<status status="PASS" starttime="20210407 16:51:10.259" endtime="20210407 16:51:16.448"></status>
</kw>
<status status="PASS" starttime="20210407 16:51:10.258" endtime="20210407 16:51:16.448"></status>
</kw>
<status status="PASS" starttime="20210407 16:51:10.238" endtime="20210407 16:51:16.448"></status>
</kw>
<status status="PASS" starttime="20210407 16:50:42.095" endtime="20210407 16:51:16.448"></status>
</kw>
<msg timestamp="20210407 16:51:16.448" level="INFO">${Login} = None</msg>
<status status="PASS" starttime="20210407 16:50:42.095" endtime="20210407 16:51:16.448"></status>
</kw>
<status status="PASS" starttime="20210407 16:50:42.095" endtime="20210407 16:51:16.448"></status>
</kw>
<status status="PASS" starttime="20210407 16:50:42.080" endtime="20210407 16:51:16.448" critical="yes"></status>
</test>
<test id="s1-s1-t3" name="Adding User">
<kw name="Flags">
<arguments>
<arg>https://opensource-demo.orangehrmlive.com/</arg>
<arg>chrome</arg>
<arg>Aaliyah Haq</arg>
<arg>DemoUser7396</arg>
<arg>bharathi1214</arg>
<arg>No</arg>
<arg>Admin</arg>
<arg>admin123</arg>
</arguments>
<kw name="Run Keyword If" library="BuiltIn">
<doc>Runs the given keyword with the given arguments, if ``condition`` is true.</doc>
<arguments>
<arg>'${Status}'=='Yes'</arg>
<arg>orangehrm</arg>
<arg>${empName}</arg>
<arg>${username}</arg>
<arg>${PassWord}</arg>
<arg>${url}</arg>
<arg>${Browser}</arg>
<arg>${LoginID}</arg>
<arg>${LoginPassword}</arg>
<arg>ELSE IF</arg>
<arg>'${Status}'=='No'</arg>
<arg>Negative</arg>
</arguments>
<assign>
<var>${Login}</var>
</assign>
<kw name="Negative">
<kw name="Log To Console" library="BuiltIn">
<doc>Logs the given message to the console.</doc>
<arguments>
<arg>All Required Felds Need To be Filled</arg>
</arguments>
<status status="PASS" starttime="20210407 16:51:16.464" endtime="20210407 16:51:16.464"></status>
</kw>
<status status="PASS" starttime="20210407 16:51:16.464" endtime="20210407 16:51:16.464"></status>
</kw>
<msg timestamp="20210407 16:51:16.464" level="INFO">${Login} = None</msg>
<status status="PASS" starttime="20210407 16:51:16.448" endtime="20210407 16:51:16.464"></status>
</kw>
<status status="PASS" starttime="20210407 16:51:16.448" endtime="20210407 16:51:16.480"></status>
</kw>
<status status="PASS" starttime="20210407 16:51:16.448" endtime="20210407 16:51:16.480" critical="yes"></status>
</test>
<status status="PASS" starttime="20210407 16:50:01.577" endtime="20210407 16:51:16.495"></status>
</suite>
<suite id="s1-s2" name="Delete TC" source="E:\PythonProject\RobertFrameworkDemo\Portal\TestScripts\Delete_TC.robot">
<test id="s1-s2-t1" name="Delete">
<kw name="Delete_TC1">
<arguments>
<arg>https://opensource-demo.orangehrmlive.com/index.php/auth/login</arg>
<arg>Chrome</arg>
<arg>N</arg>
<arg>Admin</arg>
<arg>admin123</arg>
<arg>Aaliyah.Haq</arg>
</arguments>
<kw name="Run Keyword If" library="BuiltIn">
<doc>Runs the given keyword with the given arguments, if ``condition`` is true.</doc>
<arguments>
<arg>'${status}'=='N'</arg>
<arg>NoTCSelected</arg>
<arg>ELSE IF</arg>
<arg>'${status}'=='Y'</arg>
<arg>D_TC00</arg>
<arg>${LoginUrl}</arg>
<arg>${BrowserType}</arg>
<arg>${Username}</arg>
<arg>${Password}</arg>
<arg>${delusername}</arg>
</arguments>
<assign>
<var>${delete}</var>
</assign>
<kw name="NoTCSelected">
<kw name="Log To Console" library="BuiltIn">
<doc>Logs the given message to the console.</doc>
<arguments>
<arg>"No TestCase Selected"</arg>
</arguments>
<status status="PASS" starttime="20210407 16:51:16.651" endtime="20210407 16:51:16.651"></status>
</kw>
<status status="PASS" starttime="20210407 16:51:16.651" endtime="20210407 16:51:16.651"></status>
</kw>
<msg timestamp="20210407 16:51:16.651" level="INFO">${delete} = None</msg>
<status status="PASS" starttime="20210407 16:51:16.651" endtime="20210407 16:51:16.651"></status>
</kw>
<status status="PASS" starttime="20210407 16:51:16.636" endtime="20210407 16:51:16.651"></status>
</kw>
<status status="PASS" starttime="20210407 16:51:16.636" endtime="20210407 16:51:16.651" critical="yes"></status>
</test>
<test id="s1-s2-t2" name="Delete">
<kw name="Delete_TC1">
<arguments>
<arg>https://opensource-demo.orangehrmlive.com/index.php/auth/login</arg>
<arg>Chrome</arg>
<arg>Y</arg>
<arg>Admin</arg>
<arg>admin123</arg>
<arg>binhuser</arg>
</arguments>
<kw name="Run Keyword If" library="BuiltIn">
<doc>Runs the given keyword with the given arguments, if ``condition`` is true.</doc>
<arguments>
<arg>'${status}'=='N'</arg>
<arg>NoTCSelected</arg>
<arg>ELSE IF</arg>
<arg>'${status}'=='Y'</arg>
<arg>D_TC00</arg>
<arg>${LoginUrl}</arg>
<arg>${BrowserType}</arg>
<arg>${Username}</arg>
<arg>${Password}</arg>
<arg>${delusername}</arg>
</arguments>
<assign>
<var>${delete}</var>
</assign>
<kw name="D_TC00">
<arguments>
<arg>${LoginUrl}</arg>
<arg>${BrowserType}</arg>
<arg>${Username}</arg>
<arg>${Password}</arg>
<arg>${delusername}</arg>
</arguments>
<kw name="LaunchBrowser" library="Delete">
<arguments>
<arg>${LoginUrl}</arg>
<arg>${BrowserType}</arg>
</arguments>
<kw name="Open Browser" library="SeleniumLibrary">
<doc>Opens a new browser instance to the optional ``url``.</doc>
<arguments>
<arg>${LoginUrl}</arg>
<arg>${BrowserType}</arg>
</arguments>
<msg timestamp="20210407 16:51:16.667" level="INFO">Opening browser 'Chrome' to base url 'https://opensource-demo.orangehrmlive.com/index.php/auth/login'.</msg>
<status status="PASS" starttime="20210407 16:51:16.667" endtime="20210407 16:51:25.456"></status>
</kw>
<kw name="Maximize Browser Window" library="SeleniumLibrary">
<doc>Maximizes current browser window.</doc>
<status status="PASS" starttime="20210407 16:51:25.458" endtime="20210407 16:51:25.590"></status>
</kw>
<status status="PASS" starttime="20210407 16:51:16.667" endtime="20210407 16:51:25.590"></status>
</kw>
<kw name="username" library="Delete">
<arguments>
<arg>${Username}</arg>
</arguments>
<kw name="Element Should Be Visible" library="SeleniumLibrary">
<doc>Verifies that the element identified by ``locator`` is visible.</doc>
<arguments>
<arg>id:txtUsername</arg>
</arguments>
<msg timestamp="20210407 16:51:25.724" level="INFO">Element 'id:txtUsername' is displayed.</msg>
<status status="PASS" starttime="20210407 16:51:25.590" endtime="20210407 16:51:25.724"></status>
</kw>
<kw name="Element Should Be Enabled" library="SeleniumLibrary">
<doc>Verifies that element identified by ``locator`` is enabled.</doc>
<arguments>
<arg>id:txtUsername</arg>
</arguments>
<status status="PASS" starttime="20210407 16:51:25.724" endtime="20210407 16:51:25.755"></status>
</kw>
<kw name="Input Text" library="SeleniumLibrary">
<doc>Types the given ``text`` into the text field identified by ``locator``.</doc>
<arguments>
<arg>${UserId}</arg>
<arg>${Username}</arg>
</arguments>
<msg timestamp="20210407 16:51:25.771" level="INFO">Typing text 'Admin' into text field 'id:txtUsername'.</msg>
<status status="PASS" starttime="20210407 16:51:25.755" endtime="20210407 16:51:25.891"></status>
</kw>
<status status="PASS" starttime="20210407 16:51:25.590" endtime="20210407 16:51:25.893"></status>
</kw>
<kw name="password" library="Delete">
<arguments>
<arg>${Password}</arg>
</arguments>
<kw name="Element Should Be Visible" library="SeleniumLibrary">
<doc>Verifies that the element identified by ``locator`` is visible.</doc>
<arguments>
<arg>id:txtPassword</arg>
</arguments>
<msg timestamp="20210407 16:51:25.927" level="INFO">Element 'id:txtPassword' is displayed.</msg>
<status status="PASS" starttime="20210407 16:51:25.896" endtime="20210407 16:51:25.927"></status>
</kw>
<kw name="Element Should Be Enabled" library="SeleniumLibrary">
<doc>Verifies that element identified by ``locator`` is enabled.</doc>
<arguments>
<arg>id:txtPassword</arg>
</arguments>
<status status="PASS" starttime="20210407 16:51:25.980" endtime="20210407 16:51:26.016"></status>
</kw>
<kw name="Input Password" library="SeleniumLibrary">
<doc>Types the given password into the text field identified by ``locator``.</doc>
<arguments>
<arg>${PwdId}</arg>
<arg>${Password}</arg>
</arguments>
<msg timestamp="20210407 16:51:26.017" level="INFO">Typing password into text field 'id:txtPassword'.</msg>
<msg timestamp="20210407 16:51:26.058" level="INFO">Temporally setting log level to: NONE</msg>
<msg timestamp="20210407 16:51:26.136" level="INFO">Log level changed from NONE to INFO.</msg>
<status status="PASS" starttime="20210407 16:51:26.016" endtime="20210407 16:51:26.136"></status>
</kw>
<status status="PASS" starttime="20210407 16:51:25.894" endtime="20210407 16:51:26.138"></status>
</kw>
<kw name="LoginButton" library="Delete">
<kw name="Click Button" library="SeleniumLibrary">
<doc>Clicks the button identified by ``locator``.</doc>
<arguments>
<arg>${LoginBtn}</arg>
</arguments>
<msg timestamp="20210407 16:51:26.141" level="INFO">Clicking button 'id:btnLogin'.</msg>
<status status="PASS" starttime="20210407 16:51:26.140" endtime="20210407 16:51:30.950"></status>
</kw>
<status status="PASS" starttime="20210407 16:51:26.139" endtime="20210407 16:51:30.954"></status>
</kw>
<kw name="Sleep" library="BuiltIn">
<doc>Pauses the test executed for the given time.</doc>
<arguments>
<arg>2s</arg>
</arguments>
<msg timestamp="20210407 16:51:32.958" level="INFO">Slept 2 seconds</msg>
<status status="PASS" starttime="20210407 16:51:30.956" endtime="20210407 16:51:32.958"></status>
</kw>
<kw name="Validation" library="Delete">
<kw name="Get Element Count" library="SeleniumLibrary">
<doc>Returns the number of elements matching ``locator``.</doc>
<arguments>
<arg>xpath://*[@id="spanMessage"]</arg>
</arguments>
<assign>
<var>${message}</var>
</assign>
<msg timestamp="20210407 16:51:32.988" level="INFO">${message} = 0</msg>
<status status="PASS" starttime="20210407 16:51:32.961" endtime="20210407 16:51:32.988"></status>
</kw>
<kw name="Run Keyword If" library="BuiltIn">
<doc>Runs the given keyword with the given arguments, if ``condition`` is true.</doc>
<arguments>
<arg>${message} &gt; 0</arg>
<arg>Test Keyword2</arg>
<arg>ELSE</arg>
<arg>Test Keyword1</arg>
</arguments>
<kw name="Test Keyword1" library="Delete">
<kw name="Log To Console" library="BuiltIn">
<doc>Logs the given message to the console.</doc>
<arguments>
<arg>Valid Credentials</arg>
</arguments>
<status status="PASS" starttime="20210407 16:51:33.008" endtime="20210407 16:51:33.010"></status>
</kw>
<kw name="Capture Page Screenshot" library="SeleniumLibrary">
<doc>Takes a screenshot of the current page and embeds it into a log file.</doc>
<msg timestamp="20210407 16:51:33.393" level="INFO" html="yes">&lt;/td&gt;&lt;/tr&gt;&lt;tr&gt;&lt;td colspan="3"&gt;&lt;a href="selenium-screenshot-38.png"&gt;&lt;img src="selenium-screenshot-38.png" width="800px"&gt;&lt;/a&gt;</msg>
<status status="PASS" starttime="20210407 16:51:33.011" endtime="20210407 16:51:33.393"></status>
</kw>
<status status="PASS" starttime="20210407 16:51:33.007" endtime="20210407 16:51:33.395"></status>
</kw>
<status status="PASS" starttime="20210407 16:51:33.006" endtime="20210407 16:51:33.396"></status>
</kw>
<status status="PASS" starttime="20210407 16:51:32.960" endtime="20210407 16:51:33.397"></status>
</kw>
<kw name="Sleep" library="BuiltIn">
<doc>Pauses the test executed for the given time.</doc>
<arguments>
<arg>2s</arg>
</arguments>
<msg timestamp="20210407 16:51:35.400" level="INFO">Slept 2 seconds</msg>
<status status="PASS" starttime="20210407 16:51:33.398" endtime="20210407 16:51:35.400"></status>
</kw>
<kw name="ClickAdmin" library="Delete">
<kw name="Click Element" library="SeleniumLibrary">
<doc>Click the element identified by ``locator``.</doc>
<arguments>
<arg>${ClickAdmin}</arg>
</arguments>
<msg timestamp="20210407 16:51:35.409" level="FAIL">Variable '${ClickAdmin}' not found.</msg>
<status status="FAIL" starttime="20210407 16:51:35.405" endtime="20210407 16:51:35.409"></status>
</kw>
<status status="FAIL" starttime="20210407 16:51:35.404" endtime="20210407 16:51:35.432"></status>
</kw>
<status status="FAIL" starttime="20210407 16:51:16.667" endtime="20210407 16:51:35.434"></status>
</kw>
<status status="FAIL" starttime="20210407 16:51:16.667" endtime="20210407 16:51:35.435"></status>
</kw>
<status status="FAIL" starttime="20210407 16:51:16.667" endtime="20210407 16:51:35.437"></status>
</kw>
<status status="FAIL" starttime="20210407 16:51:16.667" endtime="20210407 16:51:35.439" critical="yes">Variable '${ClickAdmin}' not found.</status>
</test>
<status status="FAIL" starttime="20210407 16:51:16.526" endtime="20210407 16:51:35.453"></status>
</suite>
<suite id="s1-s3" name="Login TC" source="E:\PythonProject\RobertFrameworkDemo\Portal\TestScripts\Login_TC.robot">
<test id="s1-s3-t1" name="Login">
<kw name="Login_TC1">
<arguments>
<arg>chrome</arg>
<arg>https://opensource-demo.orangehrmlive.com/</arg>
<arg>Admin</arg>
<arg>admin1234</arg>
<arg>Yes</arg>
<arg>Valid</arg>
<arg>Verify login with Valid TestCase</arg>
</arguments>
<kw name="Run Keyword If" library="BuiltIn">
<doc>Runs the given keyword with the given arguments, if ``condition`` is true.</doc>
<arguments>
<arg>'${status}'=='No'</arg>
<arg>NoTCSelected</arg>
<arg>ELSE IF</arg>
<arg>'${status}'=='Yes' and '${error}'=='InvalidCredentials'</arg>
<arg>InvalidLogin</arg>
<arg>${LoginUrl}</arg>
<arg>${BrowserType}</arg>
<arg>${Username}</arg>
<arg>${Password}</arg>
<arg>ELSE IF</arg>
<arg>'${status}'=='Yes' and '${error}'=='Valid'</arg>
<arg>ValidLogin</arg>
<arg>${LoginUrl}</arg>
<arg>${BrowserType}</arg>
<arg>${Username}</arg>
<arg>${Password}</arg>
<arg>${TestCase_Discription}</arg>
</arguments>
<assign>
<var>${Login}</var>
</assign>
<kw name="ValidLogin">
<arguments>
<arg>${LoginUrl}</arg>
<arg>${BrowserType}</arg>
<arg>${Username}</arg>
<arg>${Password}</arg>
<arg>${TestCase_Discription}</arg>
</arguments>
<kw name="Log To Console" library="BuiltIn">
<doc>Logs the given message to the console.</doc>
<arguments>
<arg>Valid TestCase</arg>
</arguments>
<status status="PASS" starttime="20210407 16:51:35.710" endtime="20210407 16:51:35.713"></status>
</kw>
<kw name="LaunchBrowser" library="Login">
<arguments>
<arg>${LoginUrl}</arg>
<arg>${BrowserType}</arg>
</arguments>
<kw name="Open Browser" library="SeleniumLibrary">
<doc>Opens a new browser instance to the optional ``url``.</doc>
<arguments>
<arg>${LoginUrl}</arg>
<arg>${BrowserType}</arg>
</arguments>
<msg timestamp="20210407 16:51:35.719" level="INFO">Opening browser 'chrome' to base url 'https://opensource-demo.orangehrmlive.com/'.</msg>
<status status="PASS" starttime="20210407 16:51:35.717" endtime="20210407 16:51:44.990"></status>
</kw>
<kw name="Maximize Browser Window" library="SeleniumLibrary">
<doc>Maximizes current browser window.</doc>
<status status="PASS" starttime="20210407 16:51:44.993" endtime="20210407 16:51:45.120"></status>
</kw>
<status status="PASS" starttime="20210407 16:51:35.714" endtime="20210407 16:51:45.121"></status>
</kw>
<kw name="username" library="Login">
<arguments>
<arg>${Username}</arg>
</arguments>
<kw name="Element Should Be Visible" library="SeleniumLibrary">
<doc>Verifies that the element identified by ``locator`` is visible.</doc>
<arguments>
<arg>id:txtUsername</arg>
</arguments>
<msg timestamp="20210407 16:51:45.165" level="INFO">Element 'id:txtUsername' is displayed.</msg>
<status status="PASS" starttime="20210407 16:51:45.123" endtime="20210407 16:51:45.166"></status>
</kw>
<kw name="Element Should Be Enabled" library="SeleniumLibrary">
<doc>Verifies that element identified by ``locator`` is enabled.</doc>
<arguments>
<arg>id:txtUsername</arg>
</arguments>
<status status="PASS" starttime="20210407 16:51:45.199" endtime="20210407 16:51:45.232"></status>
</kw>
<kw name="Input Text" library="SeleniumLibrary">
<doc>Types the given ``text`` into the text field identified by ``locator``.</doc>
<arguments>
<arg>${UserId}</arg>
<arg>${Username}</arg>
</arguments>
<msg timestamp="20210407 16:51:45.234" level="INFO">Typing text 'Admin' into text field 'id:txtUsername'.</msg>
<status status="PASS" starttime="20210407 16:51:45.233" endtime="20210407 16:51:45.371"></status>
</kw>
<status status="PASS" starttime="20210407 16:51:45.122" endtime="20210407 16:51:45.373"></status>
</kw>
<kw name="password" library="Login">
<arguments>
<arg>${Password}</arg>
</arguments>
<kw name="Element Should Be Visible" library="SeleniumLibrary">
<doc>Verifies that the element identified by ``locator`` is visible.</doc>
<arguments>
<arg>id:txtPassword</arg>
</arguments>
<msg timestamp="20210407 16:51:45.415" level="INFO">Element 'id:txtPassword' is displayed.</msg>
<status status="PASS" starttime="20210407 16:51:45.375" endtime="20210407 16:51:45.415"></status>
</kw>
<kw name="Element Should Be Enabled" library="SeleniumLibrary">
<doc>Verifies that element identified by ``locator`` is enabled.</doc>
<arguments>
<arg>id:txtPassword</arg>
</arguments>
<status status="PASS" starttime="20210407 16:51:45.417" endtime="20210407 16:51:45.452"></status>
</kw>
<kw name="Input Password" library="SeleniumLibrary">
<doc>Types the given password into the text field identified by ``locator``.</doc>
<arguments>
<arg>${PwdId}</arg>
<arg>${Password}</arg>
</arguments>
<msg timestamp="20210407 16:51:45.453" level="INFO">Typing password into text field 'id:txtPassword'.</msg>
<msg timestamp="20210407 16:51:45.510" level="INFO">Temporally setting log level to: NONE</msg>
<msg timestamp="20210407 16:51:45.581" level="INFO">Log level changed from NONE to INFO.</msg>
<status status="PASS" starttime="20210407 16:51:45.452" endtime="20210407 16:51:45.581"></status>
</kw>
<status status="PASS" starttime="20210407 16:51:45.374" endtime="20210407 16:51:45.583"></status>
</kw>
<kw name="Sleep" library="BuiltIn">
<doc>Pauses the test executed for the given time.</doc>
<arguments>
<arg>2s</arg>
</arguments>
<msg timestamp="20210407 16:51:47.585" level="INFO">Slept 2 seconds</msg>
<status status="PASS" starttime="20210407 16:51:45.583" endtime="20210407 16:51:47.585"></status>
</kw>
<kw name="LoginButton" library="Login">
<kw name="Click Button" library="SeleniumLibrary">
<doc>Clicks the button identified by ``locator``.</doc>
<arguments>
<arg>${LoginBtn}</arg>
</arguments>
<msg timestamp="20210407 16:51:47.626" level="INFO">Clicking button 'id:btnLogin'.</msg>
<status status="PASS" starttime="20210407 16:51:47.625" endtime="20210407 16:51:49.372"></status>
</kw>
<status status="PASS" starttime="20210407 16:51:47.624" endtime="20210407 16:51:49.375"></status>
</kw>
<kw name="Sleep" library="BuiltIn">
<doc>Pauses the test executed for the given time.</doc>
<arguments>
<arg>2s</arg>
</arguments>
<msg timestamp="20210407 16:51:51.378" level="INFO">Slept 2 seconds</msg>
<status status="PASS" starttime="20210407 16:51:49.376" endtime="20210407 16:51:51.378"></status>
</kw>
<kw name="Validation" library="Login">
<arguments>
<arg>${TestCase_Discription}</arg>
</arguments>
<kw name="Screenshot" library="Login">
<arguments>
<arg>${TestCase_Discription}</arg>
</arguments>
<kw name="Set Global Variable" library="BuiltIn">
<doc>Makes a variable available globally in all tests and suites.</doc>
<arguments>
<arg>${Path}</arg>
<arg>.//Portal//Snapshot/</arg>
</arguments>
<msg timestamp="20210407 16:51:51.391" level="INFO">${Path} = .//Portal//Snapshot/</msg>
<status status="PASS" starttime="20210407 16:51:51.386" endtime="20210407 16:51:51.392"></status>
</kw>
<kw name="Set Screenshot Directory" library="SeleniumLibrary">
<doc>Sets the directory for captured screenshots.</doc>
<arguments>
<arg>${Path}</arg>
</arguments>
<status status="PASS" starttime="20210407 16:51:51.395" endtime="20210407 16:51:51.397"></status>
</kw>
<kw name="Get DateTime1" library="Login">
<assign>
<var>${datetime}</var>
</assign>
<kw name="Evaluate" library="BuiltIn">
<doc>Evaluates the given expression in Python and returns the result.</doc>
<arguments>
<arg>'{dt:%A}, {dt:%B}, {dt.day}, {dt.year}, {dt:%H}, {dt:%M}, {dt:%S}'.format(dt=datetime.datetime.now())</arg>
<arg>modules=datetime</arg>
</arguments>
<assign>
<var>${now}</var>
</assign>
<msg timestamp="20210407 16:51:51.402" level="INFO">${now} = Wednesday, April, 7, 2021, 16, 51, 51</msg>
<status status="PASS" starttime="20210407 16:51:51.400" endtime="20210407 16:51:51.402"></status>
</kw>
<kw name="Log To Console" library="BuiltIn">
<doc>Logs the given message to the console.</doc>
<arguments>
<arg>${now}</arg>
</arguments>
<status status="PASS" starttime="20210407 16:51:51.567" endtime="20210407 16:51:51.569"></status>
</kw>
<msg timestamp="20210407 16:51:51.571" level="INFO">${datetime} = Wednesday, April, 7, 2021, 16, 51, 51</msg>
<status status="PASS" starttime="20210407 16:51:51.398" endtime="20210407 16:51:51.572"></status>
</kw>
<kw name="Capture Page Screenshot" library="SeleniumLibrary">
<doc>Takes a screenshot of the current page and embeds it into a log file.</doc>
<arguments>
<arg>${TestCase_Discription}${datetime}.png</arg>
</arguments>
<msg timestamp="20210407 16:51:52.195" level="INFO" html="yes">&lt;/td&gt;&lt;/tr&gt;&lt;tr&gt;&lt;td colspan="3"&gt;&lt;a href="Portal/Snapshot/Verify%20login%20with%20Valid%20TestCaseWednesday%2C%20April%2C%207%2C%202021%2C%2016%2C%2051%2C%2051.png"&gt;&lt;img src="Portal/Snapshot/Verify%20login%20with%20Valid%20TestCaseWednesday%2C%20April%2C%207%2C%202021%2C%2016%2C%2051%2C%2051.png" width="800px"&gt;&lt;/a&gt;</msg>
<status status="PASS" starttime="20210407 16:51:51.574" endtime="20210407 16:51:52.196"></status>
</kw>
<kw name="Log To Console" library="BuiltIn">
<doc>Logs the given message to the console.</doc>
<arguments>
<arg>${\n}Screenshot</arg>
</arguments>
<status status="PASS" starttime="20210407 16:51:52.199" endtime="20210407 16:51:52.201"></status>
</kw>
<status status="PASS" starttime="20210407 16:51:51.384" endtime="20210407 16:51:52.203"></status>
</kw>
<kw name="Page Should Contain Element" library="SeleniumLibrary">
<doc>Verifies that element ``locator`` is found on the current page.</doc>
<arguments>
<arg>//b[text()='Dashboard']</arg>
</arguments>
<kw name="Capture Page Screenshot" library="SeleniumLibrary">
<doc>Takes a screenshot of the current page and embeds it into a log file.</doc>
<msg timestamp="20210407 16:51:53.013" level="INFO" html="yes">&lt;/td&gt;&lt;/tr&gt;&lt;tr&gt;&lt;td colspan="3"&gt;&lt;a href="Portal/Snapshot/selenium-screenshot-9.png"&gt;&lt;img src="Portal/Snapshot/selenium-screenshot-9.png" width="800px"&gt;&lt;/a&gt;</msg>
<status status="PASS" starttime="20210407 16:51:52.298" endtime="20210407 16:51:53.014"></status>
</kw>
<msg timestamp="20210407 16:51:53.194" level="FAIL">Page should have contained element '//b[text()='Dashboard']' but did not.</msg>
<status status="FAIL" starttime="20210407 16:51:52.204" endtime="20210407 16:51:53.194"></status>
</kw>
<status status="FAIL" starttime="20210407 16:51:51.382" endtime="20210407 16:51:53.196"></status>
</kw>
<status status="FAIL" starttime="20210407 16:51:35.706" endtime="20210407 16:51:53.197"></status>
</kw>
<status status="FAIL" starttime="20210407 16:51:35.703" endtime="20210407 16:51:53.197"></status>
</kw>
<status status="FAIL" starttime="20210407 16:51:35.700" endtime="20210407 16:51:53.198"></status>
</kw>
<status status="FAIL" starttime="20210407 16:51:35.696" endtime="20210407 16:51:53.198" critical="yes">Page should have contained element '//b[text()='Dashboard']' but did not.</status>
</test>
<test id="s1-s3-t2" name="Login">
<kw name="Login_TC1">
<arguments>
<arg>chrome</arg>
<arg>https://opensource-demo.orangehrmlive.com/</arg>
<arg>Admin</arg>
<arg>admin123</arg>
<arg>Yes</arg>
<arg>Valid</arg>
<arg>Verify login with Valid TestCase</arg>
</arguments>
<kw name="Run Keyword If" library="BuiltIn">
<doc>Runs the given keyword with the given arguments, if ``condition`` is true.</doc>
<arguments>
<arg>'${status}'=='No'</arg>
<arg>NoTCSelected</arg>
<arg>ELSE IF</arg>
<arg>'${status}'=='Yes' and '${error}'=='InvalidCredentials'</arg>
<arg>InvalidLogin</arg>
<arg>${LoginUrl}</arg>
<arg>${BrowserType}</arg>
<arg>${Username}</arg>
<arg>${Password}</arg>
<arg>ELSE IF</arg>
<arg>'${status}'=='Yes' and '${error}'=='Valid'</arg>
<arg>ValidLogin</arg>
<arg>${LoginUrl}</arg>
<arg>${BrowserType}</arg>
<arg>${Username}</arg>
<arg>${Password}</arg>
<arg>${TestCase_Discription}</arg>
</arguments>
<assign>
<var>${Login}</var>
</assign>
<kw name="ValidLogin">
<arguments>
<arg>${LoginUrl}</arg>
<arg>${BrowserType}</arg>
<arg>${Username}</arg>
<arg>${Password}</arg>
<arg>${TestCase_Discription}</arg>
</arguments>
<kw name="Log To Console" library="BuiltIn">
<doc>Logs the given message to the console.</doc>
<arguments>
<arg>Valid TestCase</arg>
</arguments>
<status status="PASS" starttime="20210407 16:51:53.213" endtime="20210407 16:51:53.214"></status>
</kw>
<kw name="LaunchBrowser" library="Login">
<arguments>
<arg>${LoginUrl}</arg>
<arg>${BrowserType}</arg>
</arguments>
<kw name="Open Browser" library="SeleniumLibrary">
<doc>Opens a new browser instance to the optional ``url``.</doc>
<arguments>
<arg>${LoginUrl}</arg>
<arg>${BrowserType}</arg>
</arguments>
<msg timestamp="20210407 16:51:53.217" level="INFO">Opening browser 'chrome' to base url 'https://opensource-demo.orangehrmlive.com/'.</msg>
<status status="PASS" starttime="20210407 16:51:53.216" endtime="20210407 16:52:08.387"></status>
</kw>
<kw name="Maximize Browser Window" library="SeleniumLibrary">
<doc>Maximizes current browser window.</doc>
<status status="PASS" starttime="20210407 16:52:08.406" endtime="20210407 16:52:08.752"></status>
</kw>
<status status="PASS" starttime="20210407 16:51:53.215" endtime="20210407 16:52:08.754"></status>
</kw>
<kw name="username" library="Login">
<arguments>
<arg>${Username}</arg>
</arguments>
<kw name="Element Should Be Visible" library="SeleniumLibrary">
<doc>Verifies that the element identified by ``locator`` is visible.</doc>
<arguments>
<arg>id:txtUsername</arg>
</arguments>
<msg timestamp="20210407 16:52:09.042" level="INFO">Element 'id:txtUsername' is displayed.</msg>
<status status="PASS" starttime="20210407 16:52:08.758" endtime="20210407 16:52:09.043"></status>
</kw>
<kw name="Element Should Be Enabled" library="SeleniumLibrary">
<doc>Verifies that element identified by ``locator`` is enabled.</doc>
<arguments>
<arg>id:txtUsername</arg>
</arguments>
<status status="PASS" starttime="20210407 16:52:09.046" endtime="20210407 16:52:09.198"></status>
</kw>
<kw name="Input Text" library="SeleniumLibrary">
<doc>Types the given ``text`` into the text field identified by ``locator``.</doc>
<arguments>
<arg>${UserId}</arg>
<arg>${Username}</arg>
</arguments>
<msg timestamp="20210407 16:52:09.201" level="INFO">Typing text 'Admin' into text field 'id:txtUsername'.</msg>
<status status="PASS" starttime="20210407 16:52:09.199" endtime="20210407 16:52:09.721"></status>
</kw>
<status status="PASS" starttime="20210407 16:52:08.755" endtime="20210407 16:52:09.725"></status>
</kw>
<kw name="password" library="Login">
<arguments>
<arg>${Password}</arg>
</arguments>
<kw name="Element Should Be Visible" library="SeleniumLibrary">
<doc>Verifies that the element identified by ``locator`` is visible.</doc>
<arguments>
<arg>id:txtPassword</arg>
</arguments>
<msg timestamp="20210407 16:52:09.843" level="INFO">Element 'id:txtPassword' is displayed.</msg>
<status status="PASS" starttime="20210407 16:52:09.729" endtime="20210407 16:52:09.844"></status>
</kw>
<kw name="Element Should Be Enabled" library="SeleniumLibrary">
<doc>Verifies that element identified by ``locator`` is enabled.</doc>
<arguments>
<arg>id:txtPassword</arg>
</arguments>
<status status="PASS" starttime="20210407 16:52:09.847" endtime="20210407 16:52:09.935"></status>
</kw>
<kw name="Input Password" library="SeleniumLibrary">
<doc>Types the given password into the text field identified by ``locator``.</doc>
<arguments>
<arg>${PwdId}</arg>
<arg>${Password}</arg>
</arguments>
<msg timestamp="20210407 16:52:09.938" level="INFO">Typing password into text field 'id:txtPassword'.</msg>
<msg timestamp="20210407 16:52:10.156" level="INFO">Temporally setting log level to: NONE</msg>
<msg timestamp="20210407 16:52:10.412" level="INFO">Log level changed from NONE to INFO.</msg>
<status status="PASS" starttime="20210407 16:52:09.936" endtime="20210407 16:52:10.413"></status>
</kw>
<status status="PASS" starttime="20210407 16:52:09.727" endtime="20210407 16:52:10.417"></status>
</kw>
<kw name="Sleep" library="BuiltIn">
<doc>Pauses the test executed for the given time.</doc>
<arguments>
<arg>2s</arg>
</arguments>
<msg timestamp="20210407 16:52:12.420" level="INFO">Slept 2 seconds</msg>
<status status="PASS" starttime="20210407 16:52:10.418" endtime="20210407 16:52:12.420"></status>
</kw>
<kw name="LoginButton" library="Login">
<kw name="Click Button" library="SeleniumLibrary">
<doc>Clicks the button identified by ``locator``.</doc>
<arguments>
<arg>${LoginBtn}</arg>
</arguments>
<msg timestamp="20210407 16:52:12.424" level="INFO">Clicking button 'id:btnLogin'.</msg>
<status status="PASS" starttime="20210407 16:52:12.424" endtime="20210407 16:52:18.127"></status>
</kw>
<status status="PASS" starttime="20210407 16:52:12.422" endtime="20210407 16:52:18.129"></status>
</kw>
<kw name="Sleep" library="BuiltIn">
<doc>Pauses the test executed for the given time.</doc>
<arguments>
<arg>2s</arg>
</arguments>
<msg timestamp="20210407 16:52:20.133" level="INFO">Slept 2 seconds</msg>
<status status="PASS" starttime="20210407 16:52:18.130" endtime="20210407 16:52:20.133"></status>
</kw>
<kw name="Validation" library="Login">
<arguments>
<arg>${TestCase_Discription}</arg>
</arguments>
<kw name="Screenshot" library="Login">
<arguments>
<arg>${TestCase_Discription}</arg>
</arguments>
<kw name="Set Global Variable" library="BuiltIn">
<doc>Makes a variable available globally in all tests and suites.</doc>
<arguments>
<arg>${Path}</arg>
<arg>.//Portal//Snapshot/</arg>
</arguments>
<msg timestamp="20210407 16:52:20.137" level="INFO">${Path} = .//Portal//Snapshot/</msg>
<status status="PASS" starttime="20210407 16:52:20.136" endtime="20210407 16:52:20.137"></status>
</kw>
<kw name="Set Screenshot Directory" library="SeleniumLibrary">
<doc>Sets the directory for captured screenshots.</doc>
<arguments>
<arg>${Path}</arg>
</arguments>
<status status="PASS" starttime="20210407 16:52:20.138" endtime="20210407 16:52:20.140"></status>
</kw>
<kw name="Get DateTime1" library="Login">
<assign>
<var>${datetime}</var>
</assign>
<kw name="Evaluate" library="BuiltIn">
<doc>Evaluates the given expression in Python and returns the result.</doc>
<arguments>
<arg>'{dt:%A}, {dt:%B}, {dt.day}, {dt.year}, {dt:%H}, {dt:%M}, {dt:%S}'.format(dt=datetime.datetime.now())</arg>
<arg>modules=datetime</arg>
</arguments>
<assign>
<var>${now}</var>
</assign>
<msg timestamp="20210407 16:52:20.141" level="INFO">${now} = Wednesday, April, 7, 2021, 16, 52, 20</msg>
<status status="PASS" starttime="20210407 16:52:20.141" endtime="20210407 16:52:20.141"></status>
</kw>
<kw name="Log To Console" library="BuiltIn">
<doc>Logs the given message to the console.</doc>
<arguments>
<arg>${now}</arg>
</arguments>
<status status="PASS" starttime="20210407 16:52:20.143" endtime="20210407 16:52:20.145"></status>
</kw>
<msg timestamp="20210407 16:52:20.146" level="INFO">${datetime} = Wednesday, April, 7, 2021, 16, 52, 20</msg>
<status status="PASS" starttime="20210407 16:52:20.140" endtime="20210407 16:52:20.146"></status>
</kw>
<kw name="Capture Page Screenshot" library="SeleniumLibrary">
<doc>Takes a screenshot of the current page and embeds it into a log file.</doc>
<arguments>
<arg>${TestCase_Discription}${datetime}.png</arg>
</arguments>
<msg timestamp="20210407 16:52:20.457" level="INFO" html="yes">&lt;/td&gt;&lt;/tr&gt;&lt;tr&gt;&lt;td colspan="3"&gt;&lt;a href="Portal/Snapshot/Verify%20login%20with%20Valid%20TestCaseWednesday%2C%20April%2C%207%2C%202021%2C%2016%2C%2052%2C%2020.png"&gt;&lt;img src="Portal/Snapshot/Verify%20login%20with%20Valid%20TestCaseWednesday%2C%20April%2C%207%2C%202021%2C%2016%2C%2052%2C%2020.png" width="800px"&gt;&lt;/a&gt;</msg>
<status status="PASS" starttime="20210407 16:52:20.148" endtime="20210407 16:52:20.457"></status>
</kw>
<kw name="Log To Console" library="BuiltIn">
<doc>Logs the given message to the console.</doc>
<arguments>
<arg>${\n}Screenshot</arg>
</arguments>
<status status="PASS" starttime="20210407 16:52:20.459" endtime="20210407 16:52:20.461"></status>
</kw>
<status status="PASS" starttime="20210407 16:52:20.136" endtime="20210407 16:52:20.462"></status>
</kw>
<kw name="Page Should Contain Element" library="SeleniumLibrary">
<doc>Verifies that element ``locator`` is found on the current page.</doc>
<arguments>
<arg>//b[text()='Dashboard']</arg>
</arguments>
<msg timestamp="20210407 16:52:20.483" level="INFO">Current page contains element '//b[text()='Dashboard']'.</msg>
<status status="PASS" starttime="20210407 16:52:20.463" endtime="20210407 16:52:20.483"></status>
</kw>
<status status="PASS" starttime="20210407 16:52:20.134" endtime="20210407 16:52:20.486"></status>
</kw>
<kw name="CloseBrowser" library="Login">
<kw name="Close All Browsers" library="SeleniumLibrary">
<doc>Closes all open browsers and resets the browser cache.</doc>
<status status="PASS" starttime="20210407 16:52:20.487" endtime="20210407 16:52:28.000"></status>
</kw>
<status status="PASS" starttime="20210407 16:52:20.486" endtime="20210407 16:52:28.000"></status>
</kw>
<status status="PASS" starttime="20210407 16:51:53.211" endtime="20210407 16:52:28.000"></status>
</kw>
<msg timestamp="20210407 16:52:28.000" level="INFO">${Login} = None</msg>
<status status="PASS" starttime="20210407 16:51:53.209" endtime="20210407 16:52:28.000"></status>
</kw>
<status status="PASS" starttime="20210407 16:51:53.207" endtime="20210407 16:52:28.000"></status>
</kw>
<status status="PASS" starttime="20210407 16:51:53.206" endtime="20210407 16:52:28.000" critical="yes"></status>
</test>
<test id="s1-s3-t3" name="Login">
<kw name="Login_TC1">
<arguments>
<arg>chrome</arg>
<arg>https://opensource-demo.orangehrmlive.com/</arg>
<arg>Admin</arg>
<arg>admin123</arg>
<arg>No</arg>
<arg>Verify login with Valid TestCase</arg>
</arguments>
<kw name="Run Keyword If" library="BuiltIn">
<doc>Runs the given keyword with the given arguments, if ``condition`` is true.</doc>
<arguments>
<arg>'${status}'=='No'</arg>
<arg>NoTCSelected</arg>
<arg>ELSE IF</arg>
<arg>'${status}'=='Yes' and '${error}'=='InvalidCredentials'</arg>
<arg>InvalidLogin</arg>
<arg>${LoginUrl}</arg>
<arg>${BrowserType}</arg>
<arg>${Username}</arg>
<arg>${Password}</arg>
<arg>ELSE IF</arg>
<arg>'${status}'=='Yes' and '${error}'=='Valid'</arg>
<arg>ValidLogin</arg>
<arg>${LoginUrl}</arg>
<arg>${BrowserType}</arg>
<arg>${Username}</arg>
<arg>${Password}</arg>
<arg>${TestCase_Discription}</arg>
</arguments>
<assign>
<var>${Login}</var>
</assign>
<kw name="NoTCSelected">
<kw name="Log To Console" library="BuiltIn">
<doc>Logs the given message to the console.</doc>
<arguments>
<arg>"No TestCase Selected"</arg>
</arguments>
<status status="PASS" starttime="20210407 16:52:28.015" endtime="20210407 16:52:28.015"></status>
</kw>
<status status="PASS" starttime="20210407 16:52:28.015" endtime="20210407 16:52:28.015"></status>
</kw>
<msg timestamp="20210407 16:52:28.015" level="INFO">${Login} = None</msg>
<status status="PASS" starttime="20210407 16:52:28.000" endtime="20210407 16:52:28.015"></status>
</kw>
<status status="PASS" starttime="20210407 16:52:28.000" endtime="20210407 16:52:28.015"></status>
</kw>
<status status="PASS" starttime="20210407 16:52:28.000" endtime="20210407 16:52:28.015" critical="yes"></status>
</test>
<test id="s1-s3-t4" name="Login">
<kw name="Login_TC1">
<arguments>
<arg>chrome</arg>
<arg>https://opensource-demo.orangehrmlive.com/</arg>
<arg>Admin</arg>
<arg>admin1234</arg>
<arg>Yes</arg>
<arg>InvalidCredentials</arg>
<arg>verify login with invalid TestCase</arg>
</arguments>
<kw name="Run Keyword If" library="BuiltIn">
<doc>Runs the given keyword with the given arguments, if ``condition`` is true.</doc>
<arguments>
<arg>'${status}'=='No'</arg>
<arg>NoTCSelected</arg>
<arg>ELSE IF</arg>
<arg>'${status}'=='Yes' and '${error}'=='InvalidCredentials'</arg>
<arg>InvalidLogin</arg>
<arg>${LoginUrl}</arg>
<arg>${BrowserType}</arg>
<arg>${Username}</arg>
<arg>${Password}</arg>
<arg>ELSE IF</arg>
<arg>'${status}'=='Yes' and '${error}'=='Valid'</arg>
<arg>ValidLogin</arg>
<arg>${LoginUrl}</arg>
<arg>${BrowserType}</arg>
<arg>${Username}</arg>
<arg>${Password}</arg>
<arg>${TestCase_Discription}</arg>
</arguments>
<assign>
<var>${Login}</var>
</assign>
<kw name="InvalidLogin">
<arguments>
<arg>${LoginUrl}</arg>
<arg>${BrowserType}</arg>
<arg>${Username}</arg>
<arg>${Password}</arg>
</arguments>
<kw name="Log To Console" library="BuiltIn">
<doc>Logs the given message to the console.</doc>
<arguments>
<arg>Invalid TestCase</arg>
</arguments>
<status status="PASS" starttime="20210407 16:52:28.031" endtime="20210407 16:52:28.031"></status>
</kw>
<kw name="LaunchBrowser" library="Login">
<arguments>
<arg>${LoginUrl}</arg>
<arg>${BrowserType}</arg>
</arguments>
<kw name="Open Browser" library="SeleniumLibrary">
<doc>Opens a new browser instance to the optional ``url``.</doc>
<arguments>
<arg>${LoginUrl}</arg>
<arg>${BrowserType}</arg>
</arguments>
<msg timestamp="20210407 16:52:28.031" level="INFO">Opening browser 'chrome' to base url 'https://opensource-demo.orangehrmlive.com/'.</msg>
<status status="PASS" starttime="20210407 16:52:28.031" endtime="20210407 16:52:41.575"></status>
</kw>
<kw name="Maximize Browser Window" library="SeleniumLibrary">
<doc>Maximizes current browser window.</doc>
<status status="PASS" starttime="20210407 16:52:41.577" endtime="20210407 16:52:41.709"></status>
</kw>
<status status="PASS" starttime="20210407 16:52:28.031" endtime="20210407 16:52:41.709"></status>
</kw>
<kw name="username" library="Login">
<arguments>
<arg>${Username}</arg>
</arguments>
<kw name="Element Should Be Visible" library="SeleniumLibrary">
<doc>Verifies that the element identified by ``locator`` is visible.</doc>
<arguments>
<arg>id:txtUsername</arg>
</arguments>
<msg timestamp="20210407 16:52:41.756" level="INFO">Element 'id:txtUsername' is displayed.</msg>
<status status="PASS" starttime="20210407 16:52:41.709" endtime="20210407 16:52:41.756"></status>
</kw>
<kw name="Element Should Be Enabled" library="SeleniumLibrary">
<doc>Verifies that element identified by ``locator`` is enabled.</doc>
<arguments>
<arg>id:txtUsername</arg>
</arguments>
<status status="PASS" starttime="20210407 16:52:41.756" endtime="20210407 16:52:41.787"></status>
</kw>
<kw name="Input Text" library="SeleniumLibrary">
<doc>Types the given ``text`` into the text field identified by ``locator``.</doc>
<arguments>
<arg>${UserId}</arg>
<arg>${Username}</arg>
</arguments>
<msg timestamp="20210407 16:52:41.787" level="INFO">Typing text 'Admin' into text field 'id:txtUsername'.</msg>
<status status="PASS" starttime="20210407 16:52:41.787" endtime="20210407 16:52:41.923"></status>
</kw>
<status status="PASS" starttime="20210407 16:52:41.709" endtime="20210407 16:52:41.925"></status>
</kw>
<kw name="password" library="Login">
<arguments>
<arg>${Password}</arg>
</arguments>
<kw name="Element Should Be Visible" library="SeleniumLibrary">
<doc>Verifies that the element identified by ``locator`` is visible.</doc>
<arguments>
<arg>id:txtPassword</arg>
</arguments>
<msg timestamp="20210407 16:52:41.968" level="INFO">Element 'id:txtPassword' is displayed.</msg>
<status status="PASS" starttime="20210407 16:52:41.927" endtime="20210407 16:52:41.968"></status>
</kw>
<kw name="Element Should Be Enabled" library="SeleniumLibrary">
<doc>Verifies that element identified by ``locator`` is enabled.</doc>
<arguments>
<arg>id:txtPassword</arg>
</arguments>
<status status="PASS" starttime="20210407 16:52:41.970" endtime="20210407 16:52:42.005"></status>
</kw>
<kw name="Input Password" library="SeleniumLibrary">
<doc>Types the given password into the text field identified by ``locator``.</doc>
<arguments>
<arg>${PwdId}</arg>
<arg>${Password}</arg>
</arguments>
<msg timestamp="20210407 16:52:42.006" level="INFO">Typing password into text field 'id:txtPassword'.</msg>
<msg timestamp="20210407 16:52:42.066" level="INFO">Temporally setting log level to: NONE</msg>
<msg timestamp="20210407 16:52:42.132" level="INFO">Log level changed from NONE to INFO.</msg>
<status status="PASS" starttime="20210407 16:52:42.006" endtime="20210407 16:52:42.133"></status>
</kw>
<status status="PASS" starttime="20210407 16:52:41.926" endtime="20210407 16:52:42.134"></status>
</kw>
<kw name="Sleep" library="BuiltIn">
<doc>Pauses the test executed for the given time.</doc>
<arguments>
<arg>2s</arg>
</arguments>
<msg timestamp="20210407 16:52:44.139" level="INFO">Slept 2 seconds</msg>
<status status="PASS" starttime="20210407 16:52:42.135" endtime="20210407 16:52:44.139"></status>
</kw>
<kw name="LoginButton" library="Login">
<kw name="Click Button" library="SeleniumLibrary">
<doc>Clicks the button identified by ``locator``.</doc>
<arguments>
<arg>${LoginBtn}</arg>
</arguments>
<msg timestamp="20210407 16:52:44.139" level="INFO">Clicking button 'id:btnLogin'.</msg>
<status status="PASS" starttime="20210407 16:52:44.139" endtime="20210407 16:52:46.209"></status>
</kw>
<status status="PASS" starttime="20210407 16:52:44.139" endtime="20210407 16:52:46.212"></status>
</kw>
<kw name="Sleep" library="BuiltIn">
<doc>Pauses the test executed for the given time.</doc>
<arguments>
<arg>2s</arg>
</arguments>
<msg timestamp="20210407 16:52:48.228" level="INFO">Slept 2 seconds</msg>
<status status="PASS" starttime="20210407 16:52:46.215" endtime="20210407 16:52:48.228"></status>
</kw>
<kw name="Message" library="Login">
<kw name="Page Should Contain" library="SeleniumLibrary">
<doc>Verifies that current page contains ``text``.</doc>
<arguments>
<arg>Invalid credentials</arg>
</arguments>
<msg timestamp="20210407 16:52:48.244" level="INFO">Current page contains text 'Invalid credentials'.</msg>
<status status="PASS" starttime="20210407 16:52:48.228" endtime="20210407 16:52:48.244"></status>
</kw>
<status status="PASS" starttime="20210407 16:52:48.228" endtime="20210407 16:52:48.244"></status>
</kw>
<kw name="CloseBrowser" library="Login">
<kw name="Close All Browsers" library="SeleniumLibrary">
<doc>Closes all open browsers and resets the browser cache.</doc>
<status status="PASS" starttime="20210407 16:52:48.244" endtime="20210407 16:52:50.632"></status>
</kw>
<status status="PASS" starttime="20210407 16:52:48.244" endtime="20210407 16:52:50.632"></status>
</kw>
<status status="PASS" starttime="20210407 16:52:28.031" endtime="20210407 16:52:50.632"></status>
</kw>
<msg timestamp="20210407 16:52:50.632" level="INFO">${Login} = None</msg>
<status status="PASS" starttime="20210407 16:52:28.031" endtime="20210407 16:52:50.632"></status>
</kw>
<status status="PASS" starttime="20210407 16:52:28.031" endtime="20210407 16:52:50.632"></status>
</kw>
<status status="PASS" starttime="20210407 16:52:28.031" endtime="20210407 16:52:50.632" critical="yes"></status>
</test>
<kw name="CloseBrowser" library="Login" type="teardown">
<kw name="Close All Browsers" library="SeleniumLibrary">
<doc>Closes all open browsers and resets the browser cache.</doc>
<status status="PASS" starttime="20210407 16:52:50.648" endtime="20210407 16:52:50.648"></status>
</kw>
<status status="PASS" starttime="20210407 16:52:50.648" endtime="20210407 16:52:50.648"></status>
</kw>
<status status="FAIL" starttime="20210407 16:51:35.486" endtime="20210407 16:52:50.648"></status>
</suite>
<status status="FAIL" starttime="20210407 16:50:01.514" endtime="20210407 16:52:50.679"></status>
</suite>
<statistics>
<total>
<stat pass="7" fail="2">Critical Tests</stat>
<stat pass="7" fail="2">All Tests</stat>
</total>
<tag>
</tag>
<suite>
<stat pass="7" fail="2" id="s1" name="AddUser TC &amp; Delete TC &amp; Login TC">AddUser TC &amp; Delete TC &amp; Login TC</stat>
<stat pass="3" fail="0" id="s1-s1" name="AddUser TC">AddUser TC &amp; Delete TC &amp; Login TC.AddUser TC</stat>
<stat pass="1" fail="1" id="s1-s2" name="Delete TC">AddUser TC &amp; Delete TC &amp; Login TC.Delete TC</stat>
<stat pass="3" fail="1" id="s1-s3" name="Login TC">AddUser TC &amp; Delete TC &amp; Login TC.Login TC</stat>
</suite>
</statistics>
<errors>
<msg timestamp="20210407 16:50:42.080" level="WARN">Multiple test cases with name 'Adding User' executed in test suite 'AddUser TC &amp; Delete TC &amp; Login TC.AddUser TC'.</msg>
<msg timestamp="20210407 16:51:16.448" level="WARN">Multiple test cases with name 'Adding User' executed in test suite 'AddUser TC &amp; Delete TC &amp; Login TC.AddUser TC'.</msg>
<msg timestamp="20210407 16:51:16.667" level="WARN">Multiple test cases with name 'Delete' executed in test suite 'AddUser TC &amp; Delete TC &amp; Login TC.Delete TC'.</msg>
<msg timestamp="20210407 16:51:53.205" level="WARN">Multiple test cases with name 'Login' executed in test suite 'AddUser TC &amp; Delete TC &amp; Login TC.Login TC'.</msg>
<msg timestamp="20210407 16:52:28.000" level="WARN">Multiple test cases with name 'Login' executed in test suite 'AddUser TC &amp; Delete TC &amp; Login TC.Login TC'.</msg>
<msg timestamp="20210407 16:52:28.031" level="WARN">Multiple test cases with name 'Login' executed in test suite 'AddUser TC &amp; Delete TC &amp; Login TC.Login TC'.</msg>
</errors>
</robot>
