<?xml version="1.0" encoding="UTF-8"?>
<robot generator="Robot 3.2.2 (Python 3.8.8 on win32)" generated="20210405 00:00:33.235" rpa="false">
<suite id="s1" name="Login TC" source="C:\Users\anand\PycharmProjects\RobertFrameworkDemo\Portal\TestScripts\Login_TC.robot">
<test id="s1-t1" name="Login">
<kw name="Login_TC1">
<arguments>
<arg>chrome</arg>
<arg>https://opensource-demo.orangehrmlive.com/</arg>
<arg>Admin</arg>
<arg>admin1234</arg>
<arg>Yes</arg>
<arg>Valid</arg>
<arg>Verify login with Valid TestCase</arg>
</arguments>
<kw name="Run Keyword If" library="BuiltIn">
<doc>Runs the given keyword with the given arguments, if ``condition`` is true.</doc>
<arguments>
<arg>'${status}'=='No'</arg>
<arg>NoTCSelected</arg>
<arg>ELSE IF</arg>
<arg>'${status}'=='Yes' and '${error}'=='InvalidCredentials'</arg>
<arg>InvalidLogin</arg>
<arg>${LoginUrl}</arg>
<arg>${BrowserType}</arg>
<arg>${Username}</arg>
<arg>${Password}</arg>
<arg>ELSE IF</arg>
<arg>'${status}'=='Yes' and '${error}'=='Valid'</arg>
<arg>ValidLogin</arg>
<arg>${LoginUrl}</arg>
<arg>${BrowserType}</arg>
<arg>${Username}</arg>
<arg>${Password}</arg>
<arg>${TestCase_Discription}</arg>
</arguments>
<assign>
<var>${Login}</var>
</assign>
<kw name="ValidLogin">
<arguments>
<arg>${LoginUrl}</arg>
<arg>${BrowserType}</arg>
<arg>${Username}</arg>
<arg>${Password}</arg>
<arg>${TestCase_Discription}</arg>
</arguments>
<kw name="Log To Console" library="BuiltIn">
<doc>Logs the given message to the console.</doc>
<arguments>
<arg>Valid TestCase</arg>
</arguments>
<status status="PASS" starttime="20210405 00:00:46.636" endtime="20210405 00:00:46.637"></status>
</kw>
<kw name="LaunchBrowser" library="Login">
<arguments>
<arg>${LoginUrl}</arg>
<arg>${BrowserType}</arg>
</arguments>
<kw name="Open Browser" library="SeleniumLibrary">
<doc>Opens a new browser instance to the given ``url``.</doc>
<arguments>
<arg>${LoginUrl}</arg>
<arg>${BrowserType}</arg>
</arguments>
<msg timestamp="20210405 00:00:46.638" level="INFO">Opening browser 'chrome' to base url 'https://opensource-demo.orangehrmlive.com/'.</msg>
<status status="PASS" starttime="20210405 00:00:46.638" endtime="20210405 00:01:35.206"></status>
</kw>
<kw name="Maximize Browser Window" library="SeleniumLibrary">
<doc>Maximizes current browser window.</doc>
<status status="PASS" starttime="20210405 00:01:35.206" endtime="20210405 00:01:35.380"></status>
</kw>
<status status="PASS" starttime="20210405 00:00:46.637" endtime="20210405 00:01:35.380"></status>
</kw>
<kw name="username" library="Login">
<arguments>
<arg>${Username}</arg>
</arguments>
<kw name="Element Should Be Visible" library="SeleniumLibrary">
<doc>Verifies that the element identified by ``locator`` is visible.</doc>
<arguments>
<arg>id:txtUsername</arg>
</arguments>
<msg timestamp="20210405 00:01:35.438" level="INFO">Element 'id:txtUsername' is displayed.</msg>
<status status="PASS" starttime="20210405 00:01:35.381" endtime="20210405 00:01:35.438"></status>
</kw>
<kw name="Element Should Be Enabled" library="SeleniumLibrary">
<doc>Verifies that element identified with ``locator`` is enabled.</doc>
<arguments>
<arg>id:txtUsername</arg>
</arguments>
<status status="PASS" starttime="20210405 00:01:35.438" endtime="20210405 00:01:35.478"></status>
</kw>
<kw name="Input Text" library="SeleniumLibrary">
<doc>Types the given ``text`` into text field identified by ``locator``.</doc>
<arguments>
<arg>${UserId}</arg>
<arg>${Username}</arg>
</arguments>
<msg timestamp="20210405 00:01:35.479" level="INFO">Typing text 'Admin' into text field 'id:txtUsername'.</msg>
<status status="PASS" starttime="20210405 00:01:35.479" endtime="20210405 00:01:35.595"></status>
</kw>
<status status="PASS" starttime="20210405 00:01:35.380" endtime="20210405 00:01:35.595"></status>
</kw>
<kw name="password" library="Login">
<arguments>
<arg>${Password}</arg>
</arguments>
<kw name="Element Should Be Visible" library="SeleniumLibrary">
<doc>Verifies that the element identified by ``locator`` is visible.</doc>
<arguments>
<arg>id:txtPassword</arg>
</arguments>
<msg timestamp="20210405 00:01:35.633" level="INFO">Element 'id:txtPassword' is displayed.</msg>
<status status="PASS" starttime="20210405 00:01:35.596" endtime="20210405 00:01:35.633"></status>
</kw>
<kw name="Element Should Be Enabled" library="SeleniumLibrary">
<doc>Verifies that element identified with ``locator`` is enabled.</doc>
<arguments>
<arg>id:txtPassword</arg>
</arguments>
<status status="PASS" starttime="20210405 00:01:35.634" endtime="20210405 00:01:35.679"></status>
</kw>
<kw name="Input Password" library="SeleniumLibrary">
<doc>Types the given password into text field identified by ``locator``.</doc>
<arguments>
<arg>${PwdId}</arg>
<arg>${Password}</arg>
</arguments>
<msg timestamp="20210405 00:01:35.680" level="INFO">Typing password into text field 'id:txtPassword'.</msg>
<status status="PASS" starttime="20210405 00:01:35.680" endtime="20210405 00:01:35.798"></status>
</kw>
<status status="PASS" starttime="20210405 00:01:35.595" endtime="20210405 00:01:35.799"></status>
</kw>
<kw name="Sleep" library="BuiltIn">
<doc>Pauses the test executed for the given time.</doc>
<arguments>
<arg>2s</arg>
</arguments>
<msg timestamp="20210405 00:01:37.800" level="INFO">Slept 2 seconds</msg>
<status status="PASS" starttime="20210405 00:01:35.799" endtime="20210405 00:01:37.800"></status>
</kw>
<kw name="LoginButton" library="Login">
<kw name="Click Button" library="SeleniumLibrary">
<doc>Clicks button identified by ``locator``.</doc>
<arguments>
<arg>${LoginBtn}</arg>
</arguments>
<msg timestamp="20210405 00:01:37.802" level="INFO">Clicking button 'id:btnLogin'.</msg>
<status status="PASS" starttime="20210405 00:01:37.802" endtime="20210405 00:01:39.357"></status>
</kw>
<status status="PASS" starttime="20210405 00:01:37.800" endtime="20210405 00:01:39.357"></status>
</kw>
<kw name="Sleep" library="BuiltIn">
<doc>Pauses the test executed for the given time.</doc>
<arguments>
<arg>2s</arg>
</arguments>
<msg timestamp="20210405 00:01:41.358" level="INFO">Slept 2 seconds</msg>
<status status="PASS" starttime="20210405 00:01:39.358" endtime="20210405 00:01:41.358"></status>
</kw>
<kw name="Validation" library="Login">
<arguments>
<arg>${TestCase_Discription}</arg>
</arguments>
<kw name="Page Should Contain Element" library="SeleniumLibrary">
<doc>Verifies that element ``locator`` is found on the current page.</doc>
<arguments>
<arg>//b[text()='Dashboard']</arg>
</arguments>
<kw name="Capture Page Screenshot" library="SeleniumLibrary">
<doc>Takes screenshot of the current page and embeds it into log file.</doc>
<msg timestamp="20210405 00:01:41.768" level="INFO" html="yes">&lt;/td&gt;&lt;/tr&gt;&lt;tr&gt;&lt;td colspan="3"&gt;&lt;a href="selenium-screenshot-1.png"&gt;&lt;img src="selenium-screenshot-1.png" width="800px"&gt;&lt;/a&gt;</msg>
<status status="PASS" starttime="20210405 00:01:41.403" endtime="20210405 00:01:41.768"></status>
</kw>
<msg timestamp="20210405 00:01:41.907" level="FAIL">Page should have contained element '//b[text()='Dashboard']' but did not.</msg>
<status status="FAIL" starttime="20210405 00:01:41.359" endtime="20210405 00:01:41.907"></status>
</kw>
<status status="FAIL" starttime="20210405 00:01:41.358" endtime="20210405 00:01:41.908"></status>
</kw>
<status status="FAIL" starttime="20210405 00:00:46.635" endtime="20210405 00:01:41.908"></status>
</kw>
<status status="FAIL" starttime="20210405 00:00:46.634" endtime="20210405 00:01:41.908"></status>
</kw>
<status status="FAIL" starttime="20210405 00:00:46.633" endtime="20210405 00:01:41.908"></status>
</kw>
<status status="FAIL" starttime="20210405 00:00:46.631" endtime="20210405 00:01:41.909" critical="yes">Page should have contained element '//b[text()='Dashboard']' but did not.</status>
</test>
<test id="s1-t2" name="Login">
<kw name="Login_TC1">
<arguments>
<arg>chrome</arg>
<arg>https://opensource-demo.orangehrmlive.com/</arg>
<arg>Admin</arg>
<arg>admin123</arg>
<arg>Yes</arg>
<arg>Valid</arg>
<arg>Verify login with Valid TestCase</arg>
</arguments>
<kw name="Run Keyword If" library="BuiltIn">
<doc>Runs the given keyword with the given arguments, if ``condition`` is true.</doc>
<arguments>
<arg>'${status}'=='No'</arg>
<arg>NoTCSelected</arg>
<arg>ELSE IF</arg>
<arg>'${status}'=='Yes' and '${error}'=='InvalidCredentials'</arg>
<arg>InvalidLogin</arg>
<arg>${LoginUrl}</arg>
<arg>${BrowserType}</arg>
<arg>${Username}</arg>
<arg>${Password}</arg>
<arg>ELSE IF</arg>
<arg>'${status}'=='Yes' and '${error}'=='Valid'</arg>
<arg>ValidLogin</arg>
<arg>${LoginUrl}</arg>
<arg>${BrowserType}</arg>
<arg>${Username}</arg>
<arg>${Password}</arg>
<arg>${TestCase_Discription}</arg>
</arguments>
<assign>
<var>${Login}</var>
</assign>
<kw name="ValidLogin">
<arguments>
<arg>${LoginUrl}</arg>
<arg>${BrowserType}</arg>
<arg>${Username}</arg>
<arg>${Password}</arg>
<arg>${TestCase_Discription}</arg>
</arguments>
<kw name="Log To Console" library="BuiltIn">
<doc>Logs the given message to the console.</doc>
<arguments>
<arg>Valid TestCase</arg>
</arguments>
<status status="PASS" starttime="20210405 00:01:41.915" endtime="20210405 00:01:41.915"></status>
</kw>
<kw name="LaunchBrowser" library="Login">
<arguments>
<arg>${LoginUrl}</arg>
<arg>${BrowserType}</arg>
</arguments>
<kw name="Open Browser" library="SeleniumLibrary">
<doc>Opens a new browser instance to the given ``url``.</doc>
<arguments>
<arg>${LoginUrl}</arg>
<arg>${BrowserType}</arg>
</arguments>
<msg timestamp="20210405 00:01:41.917" level="INFO">Opening browser 'chrome' to base url 'https://opensource-demo.orangehrmlive.com/'.</msg>
<status status="PASS" starttime="20210405 00:01:41.916" endtime="20210405 00:01:49.964"></status>
</kw>
<kw name="Maximize Browser Window" library="SeleniumLibrary">
<doc>Maximizes current browser window.</doc>
<status status="PASS" starttime="20210405 00:01:49.964" endtime="20210405 00:01:50.133"></status>
</kw>
<status status="PASS" starttime="20210405 00:01:41.915" endtime="20210405 00:01:50.133"></status>
</kw>
<kw name="username" library="Login">
<arguments>
<arg>${Username}</arg>
</arguments>
<kw name="Element Should Be Visible" library="SeleniumLibrary">
<doc>Verifies that the element identified by ``locator`` is visible.</doc>
<arguments>
<arg>id:txtUsername</arg>
</arguments>
<msg timestamp="20210405 00:01:50.184" level="INFO">Element 'id:txtUsername' is displayed.</msg>
<status status="PASS" starttime="20210405 00:01:50.134" endtime="20210405 00:01:50.184"></status>
</kw>
<kw name="Element Should Be Enabled" library="SeleniumLibrary">
<doc>Verifies that element identified with ``locator`` is enabled.</doc>
<arguments>
<arg>id:txtUsername</arg>
</arguments>
<status status="PASS" starttime="20210405 00:01:50.185" endtime="20210405 00:01:50.216"></status>
</kw>
<kw name="Input Text" library="SeleniumLibrary">
<doc>Types the given ``text`` into text field identified by ``locator``.</doc>
<arguments>
<arg>${UserId}</arg>
<arg>${Username}</arg>
</arguments>
<msg timestamp="20210405 00:01:50.216" level="INFO">Typing text 'Admin' into text field 'id:txtUsername'.</msg>
<status status="PASS" starttime="20210405 00:01:50.216" endtime="20210405 00:01:50.332"></status>
</kw>
<status status="PASS" starttime="20210405 00:01:50.134" endtime="20210405 00:01:50.332"></status>
</kw>
<kw name="password" library="Login">
<arguments>
<arg>${Password}</arg>
</arguments>
<kw name="Element Should Be Visible" library="SeleniumLibrary">
<doc>Verifies that the element identified by ``locator`` is visible.</doc>
<arguments>
<arg>id:txtPassword</arg>
</arguments>
<msg timestamp="20210405 00:01:50.384" level="INFO">Element 'id:txtPassword' is displayed.</msg>
<status status="PASS" starttime="20210405 00:01:50.333" endtime="20210405 00:01:50.384"></status>
</kw>
<kw name="Element Should Be Enabled" library="SeleniumLibrary">
<doc>Verifies that element identified with ``locator`` is enabled.</doc>
<arguments>
<arg>id:txtPassword</arg>
</arguments>
<status status="PASS" starttime="20210405 00:01:50.384" endtime="20210405 00:01:50.420"></status>
</kw>
<kw name="Input Password" library="SeleniumLibrary">
<doc>Types the given password into text field identified by ``locator``.</doc>
<arguments>
<arg>${PwdId}</arg>
<arg>${Password}</arg>
</arguments>
<msg timestamp="20210405 00:01:50.420" level="INFO">Typing password into text field 'id:txtPassword'.</msg>
<status status="PASS" starttime="20210405 00:01:50.420" endtime="20210405 00:01:50.587"></status>
</kw>
<status status="PASS" starttime="20210405 00:01:50.332" endtime="20210405 00:01:50.588"></status>
</kw>
<kw name="Sleep" library="BuiltIn">
<doc>Pauses the test executed for the given time.</doc>
<arguments>
<arg>2s</arg>
</arguments>
<msg timestamp="20210405 00:01:52.588" level="INFO">Slept 2 seconds</msg>
<status status="PASS" starttime="20210405 00:01:50.588" endtime="20210405 00:01:52.588"></status>
</kw>
<kw name="LoginButton" library="Login">
<kw name="Click Button" library="SeleniumLibrary">
<doc>Clicks button identified by ``locator``.</doc>
<arguments>
<arg>${LoginBtn}</arg>
</arguments>
<msg timestamp="20210405 00:01:52.589" level="INFO">Clicking button 'id:btnLogin'.</msg>
<status status="PASS" starttime="20210405 00:01:52.589" endtime="20210405 00:01:58.167"></status>
</kw>
<status status="PASS" starttime="20210405 00:01:52.588" endtime="20210405 00:01:58.167"></status>
</kw>
<kw name="Sleep" library="BuiltIn">
<doc>Pauses the test executed for the given time.</doc>
<arguments>
<arg>2s</arg>
</arguments>
<msg timestamp="20210405 00:02:00.169" level="INFO">Slept 2 seconds</msg>
<status status="PASS" starttime="20210405 00:01:58.168" endtime="20210405 00:02:00.169"></status>
</kw>
<kw name="Validation" library="Login">
<arguments>
<arg>${TestCase_Discription}</arg>
</arguments>
<kw name="Page Should Contain Element" library="SeleniumLibrary">
<doc>Verifies that element ``locator`` is found on the current page.</doc>
<arguments>
<arg>//b[text()='Dashboard']</arg>
</arguments>
<msg timestamp="20210405 00:02:00.190" level="INFO">Current page contains element '//b[text()='Dashboard']'.</msg>
<status status="PASS" starttime="20210405 00:02:00.170" endtime="20210405 00:02:00.191"></status>
</kw>
<kw name="Screenshot" library="Login">
<arguments>
<arg>${TestCase_Discription}</arg>
</arguments>
<kw name="Set Global Variable" library="BuiltIn">
<doc>Makes a variable available globally in all tests and suites.</doc>
<arguments>
<arg>${Path}</arg>
<arg>.//Portal//Snapshot/</arg>
</arguments>
<msg timestamp="20210405 00:02:00.195" level="INFO">${Path} = .//Portal//Snapshot/</msg>
<status status="PASS" starttime="20210405 00:02:00.193" endtime="20210405 00:02:00.195"></status>
</kw>
<kw name="Set Screenshot Directory" library="SeleniumLibrary">
<doc>Sets the directory for captured screenshots.</doc>
<arguments>
<arg>${Path}</arg>
</arguments>
<status status="PASS" starttime="20210405 00:02:00.195" endtime="20210405 00:02:00.196"></status>
</kw>
<kw name="Get DateTime1" library="Login">
<assign>
<var>${datetime}</var>
</assign>
<kw name="Evaluate" library="BuiltIn">
<doc>Evaluates the given expression in Python and returns the result.</doc>
<arguments>
<arg>'{dt:%A}, {dt:%B}, {dt.day}, {dt.year}, {dt:%H}, {dt:%M}, {dt:%S}'.format(dt=datetime.datetime.now())</arg>
<arg>modules=datetime</arg>
</arguments>
<assign>
<var>${now}</var>
</assign>
<msg timestamp="20210405 00:02:00.197" level="INFO">${now} = Monday, April, 5, 2021, 00, 02, 00</msg>
<status status="PASS" starttime="20210405 00:02:00.196" endtime="20210405 00:02:00.197"></status>
</kw>
<kw name="Log To Console" library="BuiltIn">
<doc>Logs the given message to the console.</doc>
<arguments>
<arg>${now}</arg>
</arguments>
<status status="PASS" starttime="20210405 00:02:00.197" endtime="20210405 00:02:00.198"></status>
</kw>
<msg timestamp="20210405 00:02:00.199" level="INFO">${datetime} = Monday, April, 5, 2021, 00, 02, 00</msg>
<status status="PASS" starttime="20210405 00:02:00.196" endtime="20210405 00:02:00.199"></status>
</kw>
<kw name="Capture Page Screenshot" library="SeleniumLibrary">
<doc>Takes screenshot of the current page and embeds it into log file.</doc>
<arguments>
<arg>${TestCase_Discription}${datetime}.png</arg>
</arguments>
<msg timestamp="20210405 00:02:00.605" level="INFO" html="yes">&lt;/td&gt;&lt;/tr&gt;&lt;tr&gt;&lt;td colspan="3"&gt;&lt;a href="Portal/Snapshot/Verify%20login%20with%20Valid%20TestCaseMonday%2C%20April%2C%205%2C%202021%2C%2000%2C%2002%2C%2000.png"&gt;&lt;img src="Portal/Snapshot/Verify%20login%20with%20Valid%20TestCaseMonday%2C%20April%2C%205%2C%202021%2C%2000%2C%2002%2C%2000.png" width="800px"&gt;&lt;/a&gt;</msg>
<status status="PASS" starttime="20210405 00:02:00.199" endtime="20210405 00:02:00.605"></status>
</kw>
<kw name="Log To Console" library="BuiltIn">
<doc>Logs the given message to the console.</doc>
<arguments>
<arg>${\n}Screenshot</arg>
</arguments>
<status status="PASS" starttime="20210405 00:02:00.605" endtime="20210405 00:02:00.606"></status>
</kw>
<status status="PASS" starttime="20210405 00:02:00.191" endtime="20210405 00:02:00.607"></status>
</kw>
<status status="PASS" starttime="20210405 00:02:00.169" endtime="20210405 00:02:00.607"></status>
</kw>
<kw name="CloseBrowser" library="Login">
<kw name="Close All Browsers" library="SeleniumLibrary">
<doc>Closes all open browsers and resets the browser cache.</doc>
<status status="PASS" starttime="20210405 00:02:00.608" endtime="20210405 00:02:05.005"></status>
</kw>
<status status="PASS" starttime="20210405 00:02:00.607" endtime="20210405 00:02:05.006"></status>
</kw>
<status status="PASS" starttime="20210405 00:01:41.914" endtime="20210405 00:02:05.006"></status>
</kw>
<msg timestamp="20210405 00:02:05.006" level="INFO">${Login} = None</msg>
<status status="PASS" starttime="20210405 00:01:41.913" endtime="20210405 00:02:05.006"></status>
</kw>
<status status="PASS" starttime="20210405 00:01:41.912" endtime="20210405 00:02:05.007"></status>
</kw>
<status status="PASS" starttime="20210405 00:01:41.911" endtime="20210405 00:02:05.008" critical="yes"></status>
</test>
<test id="s1-t3" name="Login">
<kw name="Login_TC1">
<arguments>
<arg>chrome</arg>
<arg>https://opensource-demo.orangehrmlive.com/</arg>
<arg>Admin</arg>
<arg>admin123</arg>
<arg>No</arg>
<arg>Verify login with Valid TestCase</arg>
</arguments>
<kw name="Run Keyword If" library="BuiltIn">
<doc>Runs the given keyword with the given arguments, if ``condition`` is true.</doc>
<arguments>
<arg>'${status}'=='No'</arg>
<arg>NoTCSelected</arg>
<arg>ELSE IF</arg>
<arg>'${status}'=='Yes' and '${error}'=='InvalidCredentials'</arg>
<arg>InvalidLogin</arg>
<arg>${LoginUrl}</arg>
<arg>${BrowserType}</arg>
<arg>${Username}</arg>
<arg>${Password}</arg>
<arg>ELSE IF</arg>
<arg>'${status}'=='Yes' and '${error}'=='Valid'</arg>
<arg>ValidLogin</arg>
<arg>${LoginUrl}</arg>
<arg>${BrowserType}</arg>
<arg>${Username}</arg>
<arg>${Password}</arg>
<arg>${TestCase_Discription}</arg>
</arguments>
<assign>
<var>${Login}</var>
</assign>
<kw name="NoTCSelected">
<kw name="Log To Console" library="BuiltIn">
<doc>Logs the given message to the console.</doc>
<arguments>
<arg>"No TestCase Selected"</arg>
</arguments>
<status status="PASS" starttime="20210405 00:02:05.017" endtime="20210405 00:02:05.017"></status>
</kw>
<status status="PASS" starttime="20210405 00:02:05.016" endtime="20210405 00:02:05.018"></status>
</kw>
<msg timestamp="20210405 00:02:05.018" level="INFO">${Login} = None</msg>
<status status="PASS" starttime="20210405 00:02:05.015" endtime="20210405 00:02:05.018"></status>
</kw>
<status status="PASS" starttime="20210405 00:02:05.013" endtime="20210405 00:02:05.019"></status>
</kw>
<status status="PASS" starttime="20210405 00:02:05.011" endtime="20210405 00:02:05.020" critical="yes"></status>
</test>
<test id="s1-t4" name="Login">
<kw name="Login_TC1">
<arguments>
<arg>chrome</arg>
<arg>https://opensource-demo.orangehrmlive.com/</arg>
<arg>Admin</arg>
<arg>admin1234</arg>
<arg>Yes</arg>
<arg>InvalidCredentials</arg>
<arg>verify login with invalid TestCase</arg>
</arguments>
<kw name="Run Keyword If" library="BuiltIn">
<doc>Runs the given keyword with the given arguments, if ``condition`` is true.</doc>
<arguments>
<arg>'${status}'=='No'</arg>
<arg>NoTCSelected</arg>
<arg>ELSE IF</arg>
<arg>'${status}'=='Yes' and '${error}'=='InvalidCredentials'</arg>
<arg>InvalidLogin</arg>
<arg>${LoginUrl}</arg>
<arg>${BrowserType}</arg>
<arg>${Username}</arg>
<arg>${Password}</arg>
<arg>ELSE IF</arg>
<arg>'${status}'=='Yes' and '${error}'=='Valid'</arg>
<arg>ValidLogin</arg>
<arg>${LoginUrl}</arg>
<arg>${BrowserType}</arg>
<arg>${Username}</arg>
<arg>${Password}</arg>
<arg>${TestCase_Discription}</arg>
</arguments>
<assign>
<var>${Login}</var>
</assign>
<kw name="InvalidLogin">
<arguments>
<arg>${LoginUrl}</arg>
<arg>${BrowserType}</arg>
<arg>${Username}</arg>
<arg>${Password}</arg>
</arguments>
<kw name="Log To Console" library="BuiltIn">
<doc>Logs the given message to the console.</doc>
<arguments>
<arg>Invalid TestCase</arg>
</arguments>
<status status="PASS" starttime="20210405 00:02:05.030" endtime="20210405 00:02:05.030"></status>
</kw>
<kw name="LaunchBrowser" library="Login">
<arguments>
<arg>${LoginUrl}</arg>
<arg>${BrowserType}</arg>
</arguments>
<kw name="Open Browser" library="SeleniumLibrary">
<doc>Opens a new browser instance to the given ``url``.</doc>
<arguments>
<arg>${LoginUrl}</arg>
<arg>${BrowserType}</arg>
</arguments>
<msg timestamp="20210405 00:02:05.034" level="INFO">Opening browser 'chrome' to base url 'https://opensource-demo.orangehrmlive.com/'.</msg>
<status status="PASS" starttime="20210405 00:02:05.032" endtime="20210405 00:02:13.472"></status>
</kw>
<kw name="Maximize Browser Window" library="SeleniumLibrary">
<doc>Maximizes current browser window.</doc>
<status status="PASS" starttime="20210405 00:02:13.472" endtime="20210405 00:02:13.618"></status>
</kw>
<status status="PASS" starttime="20210405 00:02:05.031" endtime="20210405 00:02:13.618"></status>
</kw>
<kw name="username" library="Login">
<arguments>
<arg>${Username}</arg>
</arguments>
<kw name="Element Should Be Visible" library="SeleniumLibrary">
<doc>Verifies that the element identified by ``locator`` is visible.</doc>
<arguments>
<arg>id:txtUsername</arg>
</arguments>
<msg timestamp="20210405 00:02:13.664" level="INFO">Element 'id:txtUsername' is displayed.</msg>
<status status="PASS" starttime="20210405 00:02:13.620" endtime="20210405 00:02:13.664"></status>
</kw>
<kw name="Element Should Be Enabled" library="SeleniumLibrary">
<doc>Verifies that element identified with ``locator`` is enabled.</doc>
<arguments>
<arg>id:txtUsername</arg>
</arguments>
<status status="PASS" starttime="20210405 00:02:13.664" endtime="20210405 00:02:13.693"></status>
</kw>
<kw name="Input Text" library="SeleniumLibrary">
<doc>Types the given ``text`` into text field identified by ``locator``.</doc>
<arguments>
<arg>${UserId}</arg>
<arg>${Username}</arg>
</arguments>
<msg timestamp="20210405 00:02:13.694" level="INFO">Typing text 'Admin' into text field 'id:txtUsername'.</msg>
<status status="PASS" starttime="20210405 00:02:13.693" endtime="20210405 00:02:13.807"></status>
</kw>
<status status="PASS" starttime="20210405 00:02:13.618" endtime="20210405 00:02:13.807"></status>
</kw>
<kw name="password" library="Login">
<arguments>
<arg>${Password}</arg>
</arguments>
<kw name="Element Should Be Visible" library="SeleniumLibrary">
<doc>Verifies that the element identified by ``locator`` is visible.</doc>
<arguments>
<arg>id:txtPassword</arg>
</arguments>
<msg timestamp="20210405 00:02:13.848" level="INFO">Element 'id:txtPassword' is displayed.</msg>
<status status="PASS" starttime="20210405 00:02:13.808" endtime="20210405 00:02:13.848"></status>
</kw>
<kw name="Element Should Be Enabled" library="SeleniumLibrary">
<doc>Verifies that element identified with ``locator`` is enabled.</doc>
<arguments>
<arg>id:txtPassword</arg>
</arguments>
<status status="PASS" starttime="20210405 00:02:13.848" endtime="20210405 00:02:13.881"></status>
</kw>
<kw name="Input Password" library="SeleniumLibrary">
<doc>Types the given password into text field identified by ``locator``.</doc>
<arguments>
<arg>${PwdId}</arg>
<arg>${Password}</arg>
</arguments>
<msg timestamp="20210405 00:02:13.882" level="INFO">Typing password into text field 'id:txtPassword'.</msg>
<status status="PASS" starttime="20210405 00:02:13.882" endtime="20210405 00:02:14.009"></status>
</kw>
<status status="PASS" starttime="20210405 00:02:13.807" endtime="20210405 00:02:14.009"></status>
</kw>
<kw name="Sleep" library="BuiltIn">
<doc>Pauses the test executed for the given time.</doc>
<arguments>
<arg>2s</arg>
</arguments>
<msg timestamp="20210405 00:02:16.010" level="INFO">Slept 2 seconds</msg>
<status status="PASS" starttime="20210405 00:02:14.009" endtime="20210405 00:02:16.010"></status>
</kw>
<kw name="LoginButton" library="Login">
<kw name="Click Button" library="SeleniumLibrary">
<doc>Clicks button identified by ``locator``.</doc>
<arguments>
<arg>${LoginBtn}</arg>
</arguments>
<msg timestamp="20210405 00:02:16.012" level="INFO">Clicking button 'id:btnLogin'.</msg>
<status status="PASS" starttime="20210405 00:02:16.012" endtime="20210405 00:02:17.563"></status>
</kw>
<status status="PASS" starttime="20210405 00:02:16.010" endtime="20210405 00:02:17.564"></status>
</kw>
<kw name="Sleep" library="BuiltIn">
<doc>Pauses the test executed for the given time.</doc>
<arguments>
<arg>2s</arg>
</arguments>
<msg timestamp="20210405 00:02:19.564" level="INFO">Slept 2 seconds</msg>
<status status="PASS" starttime="20210405 00:02:17.564" endtime="20210405 00:02:19.564"></status>
</kw>
<kw name="Message" library="Login">
<kw name="Page Should Contain" library="SeleniumLibrary">
<doc>Verifies that current page contains ``text``.</doc>
<arguments>
<arg>Invalid credentials</arg>
</arguments>
<msg timestamp="20210405 00:02:19.593" level="INFO">Current page contains text 'Invalid credentials'.</msg>
<status status="PASS" starttime="20210405 00:02:19.565" endtime="20210405 00:02:19.593"></status>
</kw>
<status status="PASS" starttime="20210405 00:02:19.564" endtime="20210405 00:02:19.593"></status>
</kw>
<kw name="CloseBrowser" library="Login">
<kw name="Close All Browsers" library="SeleniumLibrary">
<doc>Closes all open browsers and resets the browser cache.</doc>
<status status="PASS" starttime="20210405 00:02:19.594" endtime="20210405 00:02:21.798"></status>
</kw>
<status status="PASS" starttime="20210405 00:02:19.594" endtime="20210405 00:02:21.798"></status>
</kw>
<status status="PASS" starttime="20210405 00:02:05.028" endtime="20210405 00:02:21.799"></status>
</kw>
<msg timestamp="20210405 00:02:21.799" level="INFO">${Login} = None</msg>
<status status="PASS" starttime="20210405 00:02:05.027" endtime="20210405 00:02:21.799"></status>
</kw>
<status status="PASS" starttime="20210405 00:02:05.025" endtime="20210405 00:02:21.799"></status>
</kw>
<status status="PASS" starttime="20210405 00:02:05.024" endtime="20210405 00:02:21.800" critical="yes"></status>
</test>
<kw name="CloseBrowser" library="Login" type="teardown">
<kw name="Close All Browsers" library="SeleniumLibrary">
<doc>Closes all open browsers and resets the browser cache.</doc>
<status status="PASS" starttime="20210405 00:02:21.804" endtime="20210405 00:02:21.804"></status>
</kw>
<status status="PASS" starttime="20210405 00:02:21.803" endtime="20210405 00:02:21.804"></status>
</kw>
<status status="FAIL" starttime="20210405 00:00:33.239" endtime="20210405 00:02:21.804"></status>
</suite>
<statistics>
<total>
<stat pass="3" fail="1">Critical Tests</stat>
<stat pass="3" fail="1">All Tests</stat>
</total>
<tag>
</tag>
<suite>
<stat pass="3" fail="1" id="s1" name="Login TC">Login TC</stat>
</suite>
</statistics>
<errors>
<msg timestamp="20210405 00:01:41.911" level="WARN">Multiple test cases with name 'Login' executed in test suite 'Login TC'.</msg>
<msg timestamp="20210405 00:02:05.011" level="WARN">Multiple test cases with name 'Login' executed in test suite 'Login TC'.</msg>
<msg timestamp="20210405 00:02:05.023" level="WARN">Multiple test cases with name 'Login' executed in test suite 'Login TC'.</msg>
</errors>
</robot>
